[2025-08-14T13:31:32.319+0000] {local_task_job_runner.py:120} INFO - ::group::Pre task execution logs
[2025-08-14T13:31:32.361+0000] {taskinstance.py:2076} INFO - Dependencies all met for dep_context=non-requeueable deps ti=<TaskInstance: xrs_update_12h.update_swpc_recent scheduled__2025-08-14T00:00:00+00:00 [queued]>
[2025-08-14T13:31:32.369+0000] {taskinstance.py:2076} INFO - Dependencies all met for dep_context=requeueable deps ti=<TaskInstance: xrs_update_12h.update_swpc_recent scheduled__2025-08-14T00:00:00+00:00 [queued]>
[2025-08-14T13:31:32.370+0000] {taskinstance.py:2306} INFO - Starting attempt 2 of 4
[2025-08-14T13:31:32.385+0000] {taskinstance.py:2330} INFO - Executing <Task(BashOperator): update_swpc_recent> on 2025-08-14 00:00:00+00:00
[2025-08-14T13:31:32.395+0000] {standard_task_runner.py:90} INFO - Running: ['***', 'tasks', 'run', 'xrs_update_12h', 'update_swpc_recent', 'scheduled__2025-08-14T00:00:00+00:00', '--job-id', '187', '--raw', '--subdir', 'DAGS_FOLDER/xrs_update_daily.py', '--cfg-path', '/tmp/tmpt9kcqiw6']
[2025-08-14T13:31:32.399+0000] {standard_task_runner.py:91} INFO - Job 187: Subtask update_swpc_recent
[2025-08-14T13:31:32.403+0000] {logging_mixin.py:188} WARNING - /home/***/.local/lib/python3.12/site-packages/***/task/task_runner/standard_task_runner.py:61 DeprecationWarning: This process (pid=7281) is multi-threaded, use of fork() may lead to deadlocks in the child.
[2025-08-14T13:31:32.404+0000] {standard_task_runner.py:63} INFO - Started process 7282 to run task
[2025-08-14T13:31:32.462+0000] {task_command.py:426} INFO - Running <TaskInstance: xrs_update_12h.update_swpc_recent scheduled__2025-08-14T00:00:00+00:00 [running]> on host def4e694b617
[2025-08-14T13:31:32.564+0000] {taskinstance.py:2648} INFO - Exporting env vars: AIRFLOW_CTX_DAG_OWNER='you' AIRFLOW_CTX_DAG_ID='xrs_update_12h' AIRFLOW_CTX_TASK_ID='update_swpc_recent' AIRFLOW_CTX_EXECUTION_DATE='2025-08-14T00:00:00+00:00' AIRFLOW_CTX_TRY_NUMBER='2' AIRFLOW_CTX_DAG_RUN_ID='scheduled__2025-08-14T00:00:00+00:00'
[2025-08-14T13:31:32.565+0000] {taskinstance.py:430} INFO - ::endgroup::
[2025-08-14T13:31:32.580+0000] {subprocess.py:63} INFO - Tmp dir root location: /tmp
[2025-08-14T13:31:32.591+0000] {subprocess.py:75} INFO - Running command: ['/usr/bin/bash', '-c', 'python /opt/project/src/data/xrs_update.py --mode update --since-minutes 20160 --keep-days 180']
[2025-08-14T13:31:32.607+0000] {subprocess.py:86} INFO - Output:
[2025-08-14T13:31:35.582+0000] {subprocess.py:93} INFO - [INFO] retention applied: >= 2025-02-15 13:31:35.385448+00:00
[2025-08-14T13:31:35.582+0000] {subprocess.py:93} INFO - {"merged_rows_total": 152009, "range": ["2025-05-01 00:00:00+00:00", "2025-08-14 13:28:00+00:00"]}
[2025-08-14T13:31:35.710+0000] {subprocess.py:97} INFO - Command exited with return code 0
[2025-08-14T13:31:35.711+0000] {taskinstance.py:441} INFO - ::group::Post task execution logs
[2025-08-14T13:31:35.742+0000] {taskinstance.py:1206} INFO - Marking task as SUCCESS. dag_id=xrs_update_12h, task_id=update_swpc_recent, run_id=scheduled__2025-08-14T00:00:00+00:00, execution_date=20250814T000000, start_date=20250814T133132, end_date=20250814T133135
[2025-08-14T13:31:35.802+0000] {local_task_job_runner.py:240} INFO - Task exited with return code 0
[2025-08-14T13:31:35.824+0000] {taskinstance.py:3503} INFO - 1 downstream tasks scheduled from follow-on schedule check
[2025-08-14T13:31:35.836+0000] {local_task_job_runner.py:222} INFO - ::endgroup::
