[2025-08-09T20:14:10.062+0000] {local_task_job_runner.py:120} INFO - ::group::Pre task execution logs
[2025-08-09T20:14:10.090+0000] {taskinstance.py:2076} INFO - Dependencies all met for dep_context=non-requeueable deps ti=<TaskInstance: xrs_update_12h.backfill_ncei_j2 manual__2025-08-09T19:53:05+00:00 [queued]>
[2025-08-09T20:14:10.096+0000] {taskinstance.py:2076} INFO - Dependencies all met for dep_context=requeueable deps ti=<TaskInstance: xrs_update_12h.backfill_ncei_j2 manual__2025-08-09T19:53:05+00:00 [queued]>
[2025-08-09T20:14:10.097+0000] {taskinstance.py:2306} INFO - Starting attempt 2 of 4
[2025-08-09T20:14:10.107+0000] {taskinstance.py:2330} INFO - Executing <Task(BashOperator): backfill_ncei_j2> on 2025-08-09 19:53:05+00:00
[2025-08-09T20:14:10.114+0000] {standard_task_runner.py:90} INFO - Running: ['***', 'tasks', 'run', 'xrs_update_12h', 'backfill_ncei_j2', 'manual__2025-08-09T19:53:05+00:00', '--job-id', '76', '--raw', '--subdir', 'DAGS_FOLDER/xrs_update_daily.py', '--cfg-path', '/tmp/tmpwb9a_rid']
[2025-08-09T20:14:10.116+0000] {logging_mixin.py:188} WARNING - /home/***/.local/lib/python3.12/site-packages/***/task/task_runner/standard_task_runner.py:61 DeprecationWarning: This process (pid=207) is multi-threaded, use of fork() may lead to deadlocks in the child.
[2025-08-09T20:14:10.116+0000] {standard_task_runner.py:91} INFO - Job 76: Subtask backfill_ncei_j2
[2025-08-09T20:14:10.116+0000] {standard_task_runner.py:63} INFO - Started process 208 to run task
[2025-08-09T20:14:10.160+0000] {task_command.py:426} INFO - Running <TaskInstance: xrs_update_12h.backfill_ncei_j2 manual__2025-08-09T19:53:05+00:00 [running]> on host 9d4e07229e62
[2025-08-09T20:14:10.238+0000] {taskinstance.py:2648} INFO - Exporting env vars: AIRFLOW_CTX_DAG_OWNER='you' AIRFLOW_CTX_DAG_ID='xrs_update_12h' AIRFLOW_CTX_TASK_ID='backfill_ncei_j2' AIRFLOW_CTX_EXECUTION_DATE='2025-08-09T19:53:05+00:00' AIRFLOW_CTX_TRY_NUMBER='2' AIRFLOW_CTX_DAG_RUN_ID='manual__2025-08-09T19:53:05+00:00'
[2025-08-09T20:14:10.239+0000] {taskinstance.py:430} INFO - ::endgroup::
[2025-08-09T20:14:10.249+0000] {subprocess.py:63} INFO - Tmp dir root location: /tmp
[2025-08-09T20:14:10.251+0000] {subprocess.py:75} INFO - Running command: ['/usr/bin/bash', '-c', 'python /opt/project/src/data/xrs_update.py --mode backfill --start 2025-08-07 --end 2025-08-07']
[2025-08-09T20:14:10.262+0000] {subprocess.py:86} INFO - Output:
[2025-08-09T20:14:14.087+0000] {subprocess.py:93} INFO - [DONE] backfill complete -> rows=0
[2025-08-09T20:14:14.175+0000] {subprocess.py:97} INFO - Command exited with return code 0
[2025-08-09T20:14:14.176+0000] {taskinstance.py:441} INFO - ::group::Post task execution logs
[2025-08-09T20:14:14.199+0000] {taskinstance.py:1206} INFO - Marking task as SUCCESS. dag_id=xrs_update_12h, task_id=backfill_ncei_j2, run_id=manual__2025-08-09T19:53:05+00:00, execution_date=20250809T195305, start_date=20250809T201410, end_date=20250809T201414
[2025-08-09T20:14:14.220+0000] {local_task_job_runner.py:240} INFO - Task exited with return code 0
[2025-08-09T20:14:14.241+0000] {taskinstance.py:3503} INFO - 1 downstream tasks scheduled from follow-on schedule check
[2025-08-09T20:14:14.244+0000] {local_task_job_runner.py:222} INFO - ::endgroup::
