[2025-08-13T07:42:54.661+0000] {local_task_job_runner.py:120} INFO - ::group::Pre task execution logs
[2025-08-13T07:42:54.777+0000] {taskinstance.py:2076} INFO - Dependencies all met for dep_context=non-requeueable deps ti=<TaskInstance: xrs_update_12h.update_swpc_recent scheduled__2025-08-12T12:00:00+00:00 [queued]>
[2025-08-13T07:42:54.805+0000] {taskinstance.py:2076} INFO - Dependencies all met for dep_context=requeueable deps ti=<TaskInstance: xrs_update_12h.update_swpc_recent scheduled__2025-08-12T12:00:00+00:00 [queued]>
[2025-08-13T07:42:54.806+0000] {taskinstance.py:2306} INFO - Starting attempt 1 of 3
[2025-08-13T07:42:54.852+0000] {taskinstance.py:2330} INFO - Executing <Task(BashOperator): update_swpc_recent> on 2025-08-12 12:00:00+00:00
[2025-08-13T07:42:54.897+0000] {standard_task_runner.py:90} INFO - Running: ['***', 'tasks', 'run', 'xrs_update_12h', 'update_swpc_recent', 'scheduled__2025-08-12T12:00:00+00:00', '--job-id', '162', '--raw', '--subdir', 'DAGS_FOLDER/xrs_update_daily.py', '--cfg-path', '/tmp/tmpqazas1wf']
[2025-08-13T07:42:54.900+0000] {logging_mixin.py:188} WARNING - /home/***/.local/lib/python3.12/site-packages/***/task/task_runner/standard_task_runner.py:61 DeprecationWarning: This process (pid=4386) is multi-threaded, use of fork() may lead to deadlocks in the child.
[2025-08-13T07:42:54.903+0000] {standard_task_runner.py:91} INFO - Job 162: Subtask update_swpc_recent
[2025-08-13T07:42:54.903+0000] {standard_task_runner.py:63} INFO - Started process 4388 to run task
[2025-08-13T07:42:55.013+0000] {task_command.py:426} INFO - Running <TaskInstance: xrs_update_12h.update_swpc_recent scheduled__2025-08-12T12:00:00+00:00 [running]> on host def4e694b617
[2025-08-13T07:42:55.203+0000] {taskinstance.py:2648} INFO - Exporting env vars: AIRFLOW_CTX_DAG_OWNER='you' AIRFLOW_CTX_DAG_ID='xrs_update_12h' AIRFLOW_CTX_TASK_ID='update_swpc_recent' AIRFLOW_CTX_EXECUTION_DATE='2025-08-12T12:00:00+00:00' AIRFLOW_CTX_TRY_NUMBER='1' AIRFLOW_CTX_DAG_RUN_ID='scheduled__2025-08-12T12:00:00+00:00'
[2025-08-13T07:42:55.205+0000] {taskinstance.py:430} INFO - ::endgroup::
[2025-08-13T07:42:55.232+0000] {subprocess.py:63} INFO - Tmp dir root location: /tmp
[2025-08-13T07:42:55.236+0000] {subprocess.py:75} INFO - Running command: ['/usr/bin/bash', '-c', 'python /opt/project/src/data/xrs_update.py --mode update --since-minutes 20160 --keep-days 180']
[2025-08-13T07:42:55.270+0000] {subprocess.py:86} INFO - Output:
[2025-08-13T07:42:58.954+0000] {subprocess.py:93} INFO - [INFO] retention applied: >= 2025-02-14 07:42:58.774532+00:00
[2025-08-13T07:42:58.955+0000] {subprocess.py:93} INFO - {"merged_rows_total": 150220, "range": ["2025-05-01 00:00:00+00:00", "2025-08-13 07:39:00+00:00"]}
[2025-08-13T07:42:59.088+0000] {subprocess.py:97} INFO - Command exited with return code 0
[2025-08-13T07:42:59.089+0000] {taskinstance.py:441} INFO - ::group::Post task execution logs
[2025-08-13T07:42:59.123+0000] {taskinstance.py:1206} INFO - Marking task as SUCCESS. dag_id=xrs_update_12h, task_id=update_swpc_recent, run_id=scheduled__2025-08-12T12:00:00+00:00, execution_date=20250812T120000, start_date=20250813T074254, end_date=20250813T074259
[2025-08-13T07:42:59.180+0000] {local_task_job_runner.py:240} INFO - Task exited with return code 0
[2025-08-13T07:42:59.205+0000] {taskinstance.py:3503} INFO - 1 downstream tasks scheduled from follow-on schedule check
[2025-08-13T07:42:59.208+0000] {local_task_job_runner.py:222} INFO - ::endgroup::
