[2025-08-12T11:22:52.132+0000] {local_task_job_runner.py:120} INFO - ::group::Pre task execution logs
[2025-08-12T11:22:52.166+0000] {taskinstance.py:2076} INFO - Dependencies all met for dep_context=non-requeueable deps ti=<TaskInstance: solar_flares_train_12h.ensure_kernel scheduled__2025-08-11T12:00:00+00:00 [queued]>
[2025-08-12T11:22:52.174+0000] {taskinstance.py:2076} INFO - Dependencies all met for dep_context=requeueable deps ti=<TaskInstance: solar_flares_train_12h.ensure_kernel scheduled__2025-08-11T12:00:00+00:00 [queued]>
[2025-08-12T11:22:52.175+0000] {taskinstance.py:2306} INFO - Starting attempt 4 of 6
[2025-08-12T11:22:52.187+0000] {taskinstance.py:2330} INFO - Executing <Task(BashOperator): ensure_kernel> on 2025-08-11 12:00:00+00:00
[2025-08-12T11:22:52.198+0000] {logging_mixin.py:188} WARNING - /home/***/.local/lib/python3.12/site-packages/***/task/task_runner/standard_task_runner.py:61 DeprecationWarning: This process (pid=1127) is multi-threaded, use of fork() may lead to deadlocks in the child.
[2025-08-12T11:22:52.196+0000] {standard_task_runner.py:90} INFO - Running: ['***', 'tasks', 'run', 'solar_flares_train_12h', 'ensure_kernel', 'scheduled__2025-08-11T12:00:00+00:00', '--job-id', '110', '--raw', '--subdir', 'DAGS_FOLDER/solar_flares_train_12h.py', '--cfg-path', '/tmp/tmpv7op99ix']
[2025-08-12T11:22:52.199+0000] {standard_task_runner.py:63} INFO - Started process 1128 to run task
[2025-08-12T11:22:52.199+0000] {standard_task_runner.py:91} INFO - Job 110: Subtask ensure_kernel
[2025-08-12T11:22:52.257+0000] {task_command.py:426} INFO - Running <TaskInstance: solar_flares_train_12h.ensure_kernel scheduled__2025-08-11T12:00:00+00:00 [running]> on host 72ec96fe1e37
[2025-08-12T11:22:52.342+0000] {taskinstance.py:2648} INFO - Exporting env vars: AIRFLOW_CTX_DAG_OWNER='you' AIRFLOW_CTX_DAG_ID='solar_flares_train_12h' AIRFLOW_CTX_TASK_ID='ensure_kernel' AIRFLOW_CTX_EXECUTION_DATE='2025-08-11T12:00:00+00:00' AIRFLOW_CTX_TRY_NUMBER='4' AIRFLOW_CTX_DAG_RUN_ID='scheduled__2025-08-11T12:00:00+00:00'
[2025-08-12T11:22:52.343+0000] {taskinstance.py:430} INFO - ::endgroup::
[2025-08-12T11:22:52.354+0000] {subprocess.py:63} INFO - Tmp dir root location: /tmp
[2025-08-12T11:22:52.355+0000] {subprocess.py:75} INFO - Running command: ['/usr/bin/bash', '-c', '\nset -e\n# installe ipykernel si absent\npython -c "import ipykernel" 2>/dev/null || pip install --no-cache-dir ipykernel==6.29.5\n# (re)crée le kernelspec \'***\'\npython -m ipykernel install --user --name *** --display-name \'Python 3 (Airflow)\'\necho \'Kernel *** OK\'']
[2025-08-12T11:22:52.367+0000] {subprocess.py:86} INFO - Output:
[2025-08-12T11:22:53.628+0000] {subprocess.py:93} INFO - Installed kernelspec *** in /home/***/.local/share/jupyter/kernels/***
[2025-08-12T11:22:53.711+0000] {subprocess.py:93} INFO - Kernel *** OK
[2025-08-12T11:22:53.712+0000] {subprocess.py:97} INFO - Command exited with return code 0
[2025-08-12T11:22:53.713+0000] {taskinstance.py:441} INFO - ::group::Post task execution logs
[2025-08-12T11:22:53.738+0000] {taskinstance.py:1206} INFO - Marking task as SUCCESS. dag_id=solar_flares_train_12h, task_id=ensure_kernel, run_id=scheduled__2025-08-11T12:00:00+00:00, execution_date=20250811T120000, start_date=20250812T112252, end_date=20250812T112253
[2025-08-12T11:22:53.777+0000] {local_task_job_runner.py:240} INFO - Task exited with return code 0
[2025-08-12T11:22:53.802+0000] {taskinstance.py:3503} INFO - 1 downstream tasks scheduled from follow-on schedule check
[2025-08-12T11:22:53.805+0000] {local_task_job_runner.py:222} INFO - ::endgroup::
