[2025-08-12T00:00:12.375+0000] {local_task_job_runner.py:120} INFO - ::group::Pre task execution logs
[2025-08-12T00:00:12.409+0000] {taskinstance.py:2076} INFO - Dependencies all met for dep_context=non-requeueable deps ti=<TaskInstance: xrs_update_12h.dq_quick scheduled__2025-08-11T12:00:00+00:00 [queued]>
[2025-08-12T00:00:12.417+0000] {taskinstance.py:2076} INFO - Dependencies all met for dep_context=requeueable deps ti=<TaskInstance: xrs_update_12h.dq_quick scheduled__2025-08-11T12:00:00+00:00 [queued]>
[2025-08-12T00:00:12.419+0000] {taskinstance.py:2306} INFO - Starting attempt 1 of 3
[2025-08-12T00:00:12.431+0000] {taskinstance.py:2330} INFO - Executing <Task(BashOperator): dq_quick> on 2025-08-11 12:00:00+00:00
[2025-08-12T00:00:12.440+0000] {standard_task_runner.py:90} INFO - Running: ['***', 'tasks', 'run', 'xrs_update_12h', 'dq_quick', 'scheduled__2025-08-11T12:00:00+00:00', '--job-id', '98', '--raw', '--subdir', 'DAGS_FOLDER/xrs_update_daily.py', '--cfg-path', '/tmp/tmpdytwrelw']
[2025-08-12T00:00:12.442+0000] {standard_task_runner.py:91} INFO - Job 98: Subtask dq_quick
[2025-08-12T00:00:12.443+0000] {logging_mixin.py:188} WARNING - /home/***/.local/lib/python3.12/site-packages/***/task/task_runner/standard_task_runner.py:61 DeprecationWarning: This process (pid=2492) is multi-threaded, use of fork() may lead to deadlocks in the child.
[2025-08-12T00:00:12.443+0000] {standard_task_runner.py:63} INFO - Started process 2493 to run task
[2025-08-12T00:00:12.497+0000] {task_command.py:426} INFO - Running <TaskInstance: xrs_update_12h.dq_quick scheduled__2025-08-11T12:00:00+00:00 [running]> on host cc677a4d03cd
[2025-08-12T00:00:12.588+0000] {taskinstance.py:2648} INFO - Exporting env vars: AIRFLOW_CTX_DAG_OWNER='you' AIRFLOW_CTX_DAG_ID='xrs_update_12h' AIRFLOW_CTX_TASK_ID='dq_quick' AIRFLOW_CTX_EXECUTION_DATE='2025-08-11T12:00:00+00:00' AIRFLOW_CTX_TRY_NUMBER='1' AIRFLOW_CTX_DAG_RUN_ID='scheduled__2025-08-11T12:00:00+00:00'
[2025-08-12T00:00:12.591+0000] {taskinstance.py:430} INFO - ::endgroup::
[2025-08-12T00:00:12.605+0000] {subprocess.py:63} INFO - Tmp dir root location: /tmp
[2025-08-12T00:00:12.607+0000] {subprocess.py:75} INFO - Running command: ['/usr/bin/bash', '-c', "python - <<'PY'\nimport os, sys, pandas as pd\nroot=os.environ.get('PROJECT_ROOT','/opt/project')\np=os.path.join(root,'data','xrs_clean.parquet')\nprint('reading:', p)\nif not os.path.exists(p):\n    print('file not found yet — skipping DQ'); sys.exit(0)\ndf=pd.read_parquet(p)\nprint('shape:', df.shape)\nprint('nulls:\\n', df.isna().sum().sort_values(ascending=False).to_string())\nprint('by satellite:\\n', df.groupby('satellite')['time'].agg(['min','max','count']))\nPY"]
[2025-08-12T00:00:12.619+0000] {subprocess.py:86} INFO - Output:
[2025-08-12T00:00:13.398+0000] {subprocess.py:93} INFO - reading: /opt/project/data/xrs_clean.parquet
[2025-08-12T00:00:13.400+0000] {subprocess.py:93} INFO - shape: (148317, 11)
[2025-08-12T00:00:13.400+0000] {subprocess.py:93} INFO - nulls:
[2025-08-12T00:00:13.400+0000] {subprocess.py:93} INFO -  satellite         135360
[2025-08-12T00:00:13.401+0000] {subprocess.py:93} INFO - source             12957
[2025-08-12T00:00:13.401+0000] {subprocess.py:93} INFO - flux_long_wm2       1644
[2025-08-12T00:00:13.402+0000] {subprocess.py:93} INFO - flux_short_wm2      1644
[2025-08-12T00:00:13.402+0000] {subprocess.py:93} INFO - time                   0
[2025-08-12T00:00:13.402+0000] {subprocess.py:93} INFO - energy_long            0
[2025-08-12T00:00:13.403+0000] {subprocess.py:93} INFO - energy_short           0
[2025-08-12T00:00:13.403+0000] {subprocess.py:93} INFO - date                   0
[2025-08-12T00:00:13.403+0000] {subprocess.py:93} INFO - hour                   0
[2025-08-12T00:00:13.404+0000] {subprocess.py:93} INFO - minute_of_day          0
[2025-08-12T00:00:13.404+0000] {subprocess.py:93} INFO - dow                    0
[2025-08-12T00:00:13.404+0000] {subprocess.py:93} INFO - by satellite:
[2025-08-12T00:00:13.404+0000] {subprocess.py:93} INFO -                                  min                       max  count
[2025-08-12T00:00:13.405+0000] {subprocess.py:93} INFO - satellite
[2025-08-12T00:00:13.405+0000] {subprocess.py:93} INFO - GOES-18   2025-08-03 00:00:00+00:00 2025-08-11 23:56:00+00:00  12957
[2025-08-12T00:00:13.500+0000] {subprocess.py:97} INFO - Command exited with return code 0
[2025-08-12T00:00:13.501+0000] {taskinstance.py:441} INFO - ::group::Post task execution logs
[2025-08-12T00:00:13.534+0000] {taskinstance.py:1206} INFO - Marking task as SUCCESS. dag_id=xrs_update_12h, task_id=dq_quick, run_id=scheduled__2025-08-11T12:00:00+00:00, execution_date=20250811T120000, start_date=20250812T000012, end_date=20250812T000013
[2025-08-12T00:00:13.581+0000] {local_task_job_runner.py:240} INFO - Task exited with return code 0
[2025-08-12T00:00:13.602+0000] {taskinstance.py:3503} INFO - 0 downstream tasks scheduled from follow-on schedule check
[2025-08-12T00:00:13.605+0000] {local_task_job_runner.py:222} INFO - ::endgroup::
