[2025-08-14T13:30:51.689+0000] {local_task_job_runner.py:120} INFO - ::group::Pre task execution logs
[2025-08-14T13:30:51.835+0000] {taskinstance.py:2076} INFO - Dependencies all met for dep_context=non-requeueable deps ti=<TaskInstance: xrs_update_12h.backfill_ncei_j2 scheduled__2025-08-14T00:00:00+00:00 [queued]>
[2025-08-14T13:30:51.853+0000] {taskinstance.py:2076} INFO - Dependencies all met for dep_context=requeueable deps ti=<TaskInstance: xrs_update_12h.backfill_ncei_j2 scheduled__2025-08-14T00:00:00+00:00 [queued]>
[2025-08-14T13:30:51.856+0000] {taskinstance.py:2306} INFO - Starting attempt 1 of 3
[2025-08-14T13:30:51.907+0000] {taskinstance.py:2330} INFO - Executing <Task(BashOperator): backfill_ncei_j2> on 2025-08-14 00:00:00+00:00
[2025-08-14T13:30:51.944+0000] {standard_task_runner.py:90} INFO - Running: ['***', 'tasks', 'run', 'xrs_update_12h', 'backfill_ncei_j2', 'scheduled__2025-08-14T00:00:00+00:00', '--job-id', '183', '--raw', '--subdir', 'DAGS_FOLDER/xrs_update_daily.py', '--cfg-path', '/tmp/tmpw3m3rg40']
[2025-08-14T13:30:51.950+0000] {logging_mixin.py:188} WARNING - /home/***/.local/lib/python3.12/site-packages/***/task/task_runner/standard_task_runner.py:61 DeprecationWarning: This process (pid=7098) is multi-threaded, use of fork() may lead to deadlocks in the child.
[2025-08-14T13:30:51.959+0000] {standard_task_runner.py:91} INFO - Job 183: Subtask backfill_ncei_j2
[2025-08-14T13:30:51.961+0000] {standard_task_runner.py:63} INFO - Started process 7111 to run task
[2025-08-14T13:30:52.118+0000] {task_command.py:426} INFO - Running <TaskInstance: xrs_update_12h.backfill_ncei_j2 scheduled__2025-08-14T00:00:00+00:00 [running]> on host def4e694b617
[2025-08-14T13:30:52.392+0000] {taskinstance.py:2648} INFO - Exporting env vars: AIRFLOW_CTX_DAG_OWNER='you' AIRFLOW_CTX_DAG_ID='xrs_update_12h' AIRFLOW_CTX_TASK_ID='backfill_ncei_j2' AIRFLOW_CTX_EXECUTION_DATE='2025-08-14T00:00:00+00:00' AIRFLOW_CTX_TRY_NUMBER='1' AIRFLOW_CTX_DAG_RUN_ID='scheduled__2025-08-14T00:00:00+00:00'
[2025-08-14T13:30:52.396+0000] {taskinstance.py:430} INFO - ::endgroup::
[2025-08-14T13:30:52.435+0000] {subprocess.py:63} INFO - Tmp dir root location: /tmp
[2025-08-14T13:30:52.441+0000] {subprocess.py:75} INFO - Running command: ['/usr/bin/bash', '-c', 'python /opt/project/src/data/xrs_update.py --mode backfill --start 2025-08-12 --end 2025-08-12']
[2025-08-14T13:30:52.476+0000] {subprocess.py:86} INFO - Output:
[2025-08-14T13:30:54.802+0000] {subprocess.py:93} INFO - [WARN] Aucun fichier pour 2025-08-12 (NCEI listing vide et fallback SunPy sans résultat)
[2025-08-14T13:30:54.803+0000] {subprocess.py:93} INFO - [DONE] backfill complete -> rows=0
[2025-08-14T13:30:55.017+0000] {subprocess.py:97} INFO - Command exited with return code 0
[2025-08-14T13:30:55.019+0000] {taskinstance.py:441} INFO - ::group::Post task execution logs
[2025-08-14T13:30:55.128+0000] {taskinstance.py:1206} INFO - Marking task as SUCCESS. dag_id=xrs_update_12h, task_id=backfill_ncei_j2, run_id=scheduled__2025-08-14T00:00:00+00:00, execution_date=20250814T000000, start_date=20250814T133051, end_date=20250814T133055
[2025-08-14T13:30:55.259+0000] {local_task_job_runner.py:240} INFO - Task exited with return code 0
[2025-08-14T13:30:55.301+0000] {taskinstance.py:3503} INFO - 1 downstream tasks scheduled from follow-on schedule check
[2025-08-14T13:30:55.304+0000] {local_task_job_runner.py:222} INFO - ::endgroup::
