[2025-08-13T01:27:31.556+0000] {local_task_job_runner.py:120} INFO - ::group::Pre task execution logs
[2025-08-13T01:27:31.792+0000] {taskinstance.py:2076} INFO - Dependencies all met for dep_context=non-requeueable deps ti=<TaskInstance: xrs_update_12h.backfill_ncei_j2 scheduled__2025-08-12T12:00:00+00:00 [queued]>
[2025-08-13T01:27:31.803+0000] {taskinstance.py:2076} INFO - Dependencies all met for dep_context=requeueable deps ti=<TaskInstance: xrs_update_12h.backfill_ncei_j2 scheduled__2025-08-12T12:00:00+00:00 [queued]>
[2025-08-13T01:27:31.804+0000] {taskinstance.py:2306} INFO - Starting attempt 1 of 3
[2025-08-13T01:27:31.840+0000] {taskinstance.py:2330} INFO - Executing <Task(BashOperator): backfill_ncei_j2> on 2025-08-12 12:00:00+00:00
[2025-08-13T01:27:31.862+0000] {logging_mixin.py:188} WARNING - /home/***/.local/lib/python3.12/site-packages/***/task/task_runner/standard_task_runner.py:61 DeprecationWarning: This process (pid=4333) is multi-threaded, use of fork() may lead to deadlocks in the child.
[2025-08-13T01:27:31.873+0000] {standard_task_runner.py:63} INFO - Started process 4336 to run task
[2025-08-13T01:27:31.857+0000] {standard_task_runner.py:90} INFO - Running: ['***', 'tasks', 'run', 'xrs_update_12h', 'backfill_ncei_j2', 'scheduled__2025-08-12T12:00:00+00:00', '--job-id', '160', '--raw', '--subdir', 'DAGS_FOLDER/xrs_update_daily.py', '--cfg-path', '/tmp/tmpdn8_gava']
[2025-08-13T01:27:31.875+0000] {standard_task_runner.py:91} INFO - Job 160: Subtask backfill_ncei_j2
[2025-08-13T01:27:32.095+0000] {task_command.py:426} INFO - Running <TaskInstance: xrs_update_12h.backfill_ncei_j2 scheduled__2025-08-12T12:00:00+00:00 [running]> on host def4e694b617
[2025-08-13T01:27:32.328+0000] {taskinstance.py:2648} INFO - Exporting env vars: AIRFLOW_CTX_DAG_OWNER='you' AIRFLOW_CTX_DAG_ID='xrs_update_12h' AIRFLOW_CTX_TASK_ID='backfill_ncei_j2' AIRFLOW_CTX_EXECUTION_DATE='2025-08-12T12:00:00+00:00' AIRFLOW_CTX_TRY_NUMBER='1' AIRFLOW_CTX_DAG_RUN_ID='scheduled__2025-08-12T12:00:00+00:00'
[2025-08-13T01:27:32.329+0000] {taskinstance.py:430} INFO - ::endgroup::
[2025-08-13T01:27:32.364+0000] {subprocess.py:63} INFO - Tmp dir root location: /tmp
[2025-08-13T01:27:32.367+0000] {subprocess.py:75} INFO - Running command: ['/usr/bin/bash', '-c', 'python /opt/project/src/data/xrs_update.py --mode backfill --start 2025-08-10 --end 2025-08-10']
[2025-08-13T01:27:32.386+0000] {subprocess.py:86} INFO - Output:
[2025-08-13T07:42:52.458+0000] {subprocess.py:93} INFO - [WARN] Aucun fichier pour 2025-08-10 (NCEI listing vide et fallback SunPy sans résultat)
[2025-08-13T07:42:52.461+0000] {subprocess.py:93} INFO - [DONE] backfill complete -> rows=0
[2025-08-13T07:42:52.799+0000] {subprocess.py:97} INFO - Command exited with return code 0
[2025-08-13T07:42:52.801+0000] {taskinstance.py:441} INFO - ::group::Post task execution logs
[2025-08-13T07:42:52.849+0000] {taskinstance.py:1206} INFO - Marking task as SUCCESS. dag_id=xrs_update_12h, task_id=backfill_ncei_j2, run_id=scheduled__2025-08-12T12:00:00+00:00, execution_date=20250812T120000, start_date=20250813T012731, end_date=20250813T074252
[2025-08-13T07:42:52.918+0000] {local_task_job_runner.py:240} INFO - Task exited with return code 0
[2025-08-13T07:42:52.955+0000] {taskinstance.py:3503} INFO - 1 downstream tasks scheduled from follow-on schedule check
[2025-08-13T07:42:52.958+0000] {local_task_job_runner.py:222} INFO - ::endgroup::
