[2025-08-13T01:27:31.565+0000] {local_task_job_runner.py:120} INFO - ::group::Pre task execution logs
[2025-08-13T01:27:31.789+0000] {taskinstance.py:2076} INFO - Dependencies all met for dep_context=non-requeueable deps ti=<TaskInstance: solar_flares_train_12h.mlflow_ping scheduled__2025-08-12T12:05:00+00:00 [queued]>
[2025-08-13T01:27:31.803+0000] {taskinstance.py:2076} INFO - Dependencies all met for dep_context=requeueable deps ti=<TaskInstance: solar_flares_train_12h.mlflow_ping scheduled__2025-08-12T12:05:00+00:00 [queued]>
[2025-08-13T01:27:31.804+0000] {taskinstance.py:2306} INFO - Starting attempt 1 of 2
[2025-08-13T01:27:31.835+0000] {taskinstance.py:2330} INFO - Executing <Task(BashOperator): mlflow_ping> on 2025-08-12 12:05:00+00:00
[2025-08-13T01:27:31.845+0000] {standard_task_runner.py:90} INFO - Running: ['***', 'tasks', 'run', 'solar_flares_train_12h', 'mlflow_ping', 'scheduled__2025-08-12T12:05:00+00:00', '--job-id', '159', '--raw', '--subdir', 'DAGS_FOLDER/solar_flares_train_12h.py', '--cfg-path', '/tmp/tmppawdibw5']
[2025-08-13T01:27:31.848+0000] {standard_task_runner.py:91} INFO - Job 159: Subtask mlflow_ping
[2025-08-13T01:27:31.851+0000] {logging_mixin.py:188} WARNING - /home/***/.local/lib/python3.12/site-packages/***/task/task_runner/standard_task_runner.py:61 DeprecationWarning: This process (pid=4334) is multi-threaded, use of fork() may lead to deadlocks in the child.
[2025-08-13T01:27:31.852+0000] {standard_task_runner.py:63} INFO - Started process 4335 to run task
[2025-08-13T01:27:32.058+0000] {task_command.py:426} INFO - Running <TaskInstance: solar_flares_train_12h.mlflow_ping scheduled__2025-08-12T12:05:00+00:00 [running]> on host def4e694b617
[2025-08-13T01:27:32.315+0000] {taskinstance.py:2648} INFO - Exporting env vars: AIRFLOW_CTX_DAG_OWNER='you' AIRFLOW_CTX_DAG_ID='solar_flares_train_12h' AIRFLOW_CTX_TASK_ID='mlflow_ping' AIRFLOW_CTX_EXECUTION_DATE='2025-08-12T12:05:00+00:00' AIRFLOW_CTX_TRY_NUMBER='1' AIRFLOW_CTX_DAG_RUN_ID='scheduled__2025-08-12T12:05:00+00:00'
[2025-08-13T01:27:32.319+0000] {taskinstance.py:430} INFO - ::endgroup::
[2025-08-13T01:27:32.364+0000] {subprocess.py:63} INFO - Tmp dir root location: /tmp
[2025-08-13T01:27:32.367+0000] {subprocess.py:75} INFO - Running command: ['/usr/bin/bash', '-c', '\npython - <<\'PY\'\nimport os, mlflow\nfrom mlflow import MlflowClient\nmlflow.set_tracking_uri(os.getenv(\'MLFLOW_TRACKING_URI\'))\nname="solar-flares"\nclient = MlflowClient()\nexp = client.get_experiment_by_name(name)\nif exp is None:\n    client.create_experiment(name)\nprint("OK: experiment exists")\nPY']
[2025-08-13T01:27:32.386+0000] {subprocess.py:86} INFO - Output:
[2025-08-13T01:27:35.814+0000] {subprocess.py:93} INFO - OK: experiment exists
[2025-08-13T01:27:36.123+0000] {subprocess.py:97} INFO - Command exited with return code 0
[2025-08-13T01:27:36.126+0000] {taskinstance.py:441} INFO - ::group::Post task execution logs
[2025-08-13T01:27:36.171+0000] {taskinstance.py:1206} INFO - Marking task as SUCCESS. dag_id=solar_flares_train_12h, task_id=mlflow_ping, run_id=scheduled__2025-08-12T12:05:00+00:00, execution_date=20250812T120500, start_date=20250813T012731, end_date=20250813T012736
[2025-08-13T01:27:36.219+0000] {local_task_job_runner.py:240} INFO - Task exited with return code 0
[2025-08-13T01:27:36.261+0000] {taskinstance.py:3503} INFO - 1 downstream tasks scheduled from follow-on schedule check
[2025-08-13T01:27:36.264+0000] {local_task_job_runner.py:222} INFO - ::endgroup::
