[2025-08-12T17:04:13.336+0000] {local_task_job_runner.py:120} INFO - ::group::Pre task execution logs
[2025-08-12T17:04:13.399+0000] {taskinstance.py:2076} INFO - Dependencies all met for dep_context=non-requeueable deps ti=<TaskInstance: solar_flares_train_12h.run_notebook scheduled__2025-08-12T00:00:00+00:00 [queued]>
[2025-08-12T17:04:13.409+0000] {taskinstance.py:2076} INFO - Dependencies all met for dep_context=requeueable deps ti=<TaskInstance: solar_flares_train_12h.run_notebook scheduled__2025-08-12T00:00:00+00:00 [queued]>
[2025-08-12T17:04:13.409+0000] {taskinstance.py:2306} INFO - Starting attempt 3 of 4
[2025-08-12T17:04:13.424+0000] {taskinstance.py:2330} INFO - Executing <Task(BashOperator): run_notebook> on 2025-08-12 00:00:00+00:00
[2025-08-12T17:04:13.432+0000] {standard_task_runner.py:90} INFO - Running: ['***', 'tasks', 'run', 'solar_flares_train_12h', 'run_notebook', 'scheduled__2025-08-12T00:00:00+00:00', '--job-id', '153', '--raw', '--subdir', 'DAGS_FOLDER/solar_flares_train_12h.py', '--cfg-path', '/tmp/tmpxk23v5hm']
[2025-08-12T17:04:13.434+0000] {logging_mixin.py:188} WARNING - /home/***/.local/lib/python3.12/site-packages/***/task/task_runner/standard_task_runner.py:61 DeprecationWarning: This process (pid=902) is multi-threaded, use of fork() may lead to deadlocks in the child.
[2025-08-12T17:04:13.435+0000] {standard_task_runner.py:91} INFO - Job 153: Subtask run_notebook
[2025-08-12T17:04:13.435+0000] {standard_task_runner.py:63} INFO - Started process 903 to run task
[2025-08-12T17:04:13.486+0000] {task_command.py:426} INFO - Running <TaskInstance: solar_flares_train_12h.run_notebook scheduled__2025-08-12T00:00:00+00:00 [running]> on host def4e694b617
[2025-08-12T17:04:13.585+0000] {taskinstance.py:2648} INFO - Exporting env vars: AIRFLOW_CTX_DAG_OWNER='you' AIRFLOW_CTX_DAG_ID='solar_flares_train_12h' AIRFLOW_CTX_TASK_ID='run_notebook' AIRFLOW_CTX_EXECUTION_DATE='2025-08-12T00:00:00+00:00' AIRFLOW_CTX_TRY_NUMBER='3' AIRFLOW_CTX_DAG_RUN_ID='scheduled__2025-08-12T00:00:00+00:00'
[2025-08-12T17:04:13.586+0000] {taskinstance.py:430} INFO - ::endgroup::
[2025-08-12T17:04:13.600+0000] {subprocess.py:63} INFO - Tmp dir root location: /tmp
[2025-08-12T17:04:13.602+0000] {subprocess.py:75} INFO - Running command: ['/usr/bin/bash', '-c', '\nset -euo pipefail\ncd /opt/project/notebooks\nOUT="ml_x_ray_sensor_generated.ipynb"\nTMP="$(mktemp -p /tmp ml_x_tmp_XXXXXX.ipynb)"\npython -m papermill -k *** ml_x_ray_sensor.ipynb "$TMP"\nmv -f "$TMP" "$OUT"\necho "Notebook généré -> $OUT"']
[2025-08-12T17:04:13.615+0000] {subprocess.py:86} INFO - Output:
[2025-08-12T17:04:14.868+0000] {subprocess.py:93} INFO - Input Notebook:  ml_x_ray_sensor.ipynb
[2025-08-12T17:04:14.869+0000] {subprocess.py:93} INFO - Output Notebook: /tmp/ml_x_tmp_nrATNN.ipynb
[2025-08-12T17:04:16.574+0000] {subprocess.py:93} INFO - Executing:   0%|          | 0/27 [00:00<?, ?cell/s]Executing notebook with kernel: ***
[2025-08-12T17:05:15.337+0000] {subprocess.py:93} INFO - Executing:   4%|▎         | 1/27 [00:05<02:14,  5.19s/cell]Executing:  11%|█         | 3/27 [00:05<00:33,  1.40s/cell]Executing:  19%|█▊        | 5/27 [00:06<00:20,  1.08cell/s]Executing:  26%|██▌       | 7/27 [00:06<00:11,  1.67cell/s]Executing:  30%|██▉       | 8/27 [00:06<00:09,  1.95cell/s]Executing:  41%|████      | 11/27 [00:07<00:05,  3.14cell/s]Executing:  52%|█████▏    | 14/27 [00:53<01:26,  6.64s/cell]Executing:  56%|█████▌    | 15/27 [00:53<01:06,  5.56s/cell]Executing:  63%|██████▎   | 17/27 [00:53<00:37,  3.79s/cell]Executing:  70%|███████   | 19/27 [00:54<00:21,  2.68s/cell]Executing:  74%|███████▍  | 20/27 [00:54<00:15,  2.21s/cell]Executing:  81%|████████▏ | 22/27 [00:55<00:08,  1.65s/cell]Executing:  89%|████████▉ | 24/27 [00:59<00:05,  1.70s/cell]Executing: 100%|██████████| 27/27 [01:00<00:00,  2.24s/cell]
[2025-08-12T17:05:15.514+0000] {subprocess.py:93} INFO - Notebook généré -> ml_x_ray_sensor_generated.ipynb
[2025-08-12T17:05:15.515+0000] {subprocess.py:97} INFO - Command exited with return code 0
[2025-08-12T17:05:15.516+0000] {taskinstance.py:441} INFO - ::group::Post task execution logs
[2025-08-12T17:05:15.541+0000] {taskinstance.py:1206} INFO - Marking task as SUCCESS. dag_id=solar_flares_train_12h, task_id=run_notebook, run_id=scheduled__2025-08-12T00:00:00+00:00, execution_date=20250812T000000, start_date=20250812T170413, end_date=20250812T170515
[2025-08-12T17:05:15.588+0000] {local_task_job_runner.py:240} INFO - Task exited with return code 0
[2025-08-12T17:05:15.614+0000] {taskinstance.py:3503} INFO - 1 downstream tasks scheduled from follow-on schedule check
[2025-08-12T17:05:15.616+0000] {local_task_job_runner.py:222} INFO - ::endgroup::
