[2025-08-09T19:48:35.745+0000] {local_task_job_runner.py:120} INFO - ::group::Pre task execution logs
[2025-08-09T19:48:35.805+0000] {taskinstance.py:2076} INFO - Dependencies all met for dep_context=non-requeueable deps ti=<TaskInstance: xrs_update_12h.backfill_ncei_yesterday manual__2025-08-09T19:47:59.884112+00:00 [queued]>
[2025-08-09T19:48:35.814+0000] {taskinstance.py:2076} INFO - Dependencies all met for dep_context=requeueable deps ti=<TaskInstance: xrs_update_12h.backfill_ncei_yesterday manual__2025-08-09T19:47:59.884112+00:00 [queued]>
[2025-08-09T19:48:35.822+0000] {taskinstance.py:2306} INFO - Starting attempt 1 of 3
[2025-08-09T19:48:35.838+0000] {taskinstance.py:2330} INFO - Executing <Task(BashOperator): backfill_ncei_yesterday> on 2025-08-09 19:47:59.884112+00:00
[2025-08-09T19:48:35.848+0000] {standard_task_runner.py:90} INFO - Running: ['***', 'tasks', 'run', 'xrs_update_12h', 'backfill_ncei_yesterday', 'manual__2025-08-09T19:47:59.884112+00:00', '--job-id', '61', '--raw', '--subdir', 'DAGS_FOLDER/xrs_update_daily.py', '--cfg-path', '/tmp/tmpjppk1kuy']
[2025-08-09T19:48:35.851+0000] {standard_task_runner.py:91} INFO - Job 61: Subtask backfill_ncei_yesterday
[2025-08-09T19:48:35.851+0000] {logging_mixin.py:188} WARNING - /home/***/.local/lib/python3.12/site-packages/***/task/task_runner/standard_task_runner.py:61 DeprecationWarning: This process (pid=408) is multi-threaded, use of fork() may lead to deadlocks in the child.
[2025-08-09T19:48:35.852+0000] {standard_task_runner.py:63} INFO - Started process 409 to run task
[2025-08-09T19:48:35.917+0000] {task_command.py:426} INFO - Running <TaskInstance: xrs_update_12h.backfill_ncei_yesterday manual__2025-08-09T19:47:59.884112+00:00 [running]> on host 9d4e07229e62
[2025-08-09T19:48:36.053+0000] {taskinstance.py:2648} INFO - Exporting env vars: AIRFLOW_CTX_DAG_OWNER='you' AIRFLOW_CTX_DAG_ID='xrs_update_12h' AIRFLOW_CTX_TASK_ID='backfill_ncei_yesterday' AIRFLOW_CTX_EXECUTION_DATE='2025-08-09T19:47:59.884112+00:00' AIRFLOW_CTX_TRY_NUMBER='1' AIRFLOW_CTX_DAG_RUN_ID='manual__2025-08-09T19:47:59.884112+00:00'
[2025-08-09T19:48:36.057+0000] {taskinstance.py:430} INFO - ::endgroup::
[2025-08-09T19:48:36.074+0000] {subprocess.py:63} INFO - Tmp dir root location: /tmp
[2025-08-09T19:48:36.077+0000] {subprocess.py:75} INFO - Running command: ['/usr/bin/bash', '-c', 'python /opt/project/src/data/xrs_update.py --mode backfill --start 2025-08-08 --end 2025-08-08']
[2025-08-09T19:48:36.091+0000] {subprocess.py:86} INFO - Output:
[2025-08-09T19:48:40.668+0000] {subprocess.py:93} INFO - [DONE] backfill complete -> rows=0
[2025-08-09T19:48:40.837+0000] {subprocess.py:97} INFO - Command exited with return code 0
[2025-08-09T19:48:40.839+0000] {taskinstance.py:441} INFO - ::group::Post task execution logs
[2025-08-09T19:48:40.885+0000] {taskinstance.py:1206} INFO - Marking task as SUCCESS. dag_id=xrs_update_12h, task_id=backfill_ncei_yesterday, run_id=manual__2025-08-09T19:47:59.884112+00:00, execution_date=20250809T194759, start_date=20250809T194835, end_date=20250809T194840
[2025-08-09T19:48:40.921+0000] {local_task_job_runner.py:240} INFO - Task exited with return code 0
[2025-08-09T19:48:40.948+0000] {taskinstance.py:3503} INFO - 1 downstream tasks scheduled from follow-on schedule check
[2025-08-09T19:48:40.959+0000] {local_task_job_runner.py:222} INFO - ::endgroup::
