[2025-08-14T13:31:00.394+0000] {local_task_job_runner.py:120} INFO - ::group::Pre task execution logs
[2025-08-14T13:31:00.433+0000] {taskinstance.py:2076} INFO - Dependencies all met for dep_context=non-requeueable deps ti=<TaskInstance: solar_flares_train_12h.run_notebook scheduled__2025-08-14T00:05:00+00:00 [queued]>
[2025-08-14T13:31:00.441+0000] {taskinstance.py:2076} INFO - Dependencies all met for dep_context=requeueable deps ti=<TaskInstance: solar_flares_train_12h.run_notebook scheduled__2025-08-14T00:05:00+00:00 [queued]>
[2025-08-14T13:31:00.442+0000] {taskinstance.py:2306} INFO - Starting attempt 1 of 2
[2025-08-14T13:31:00.455+0000] {taskinstance.py:2330} INFO - Executing <Task(BashOperator): run_notebook> on 2025-08-14 00:05:00+00:00
[2025-08-14T13:31:00.465+0000] {standard_task_runner.py:90} INFO - Running: ['***', 'tasks', 'run', 'solar_flares_train_12h', 'run_notebook', 'scheduled__2025-08-14T00:05:00+00:00', '--job-id', '186', '--raw', '--subdir', 'DAGS_FOLDER/solar_flares_train_12h.py', '--cfg-path', '/tmp/tmpgot4jfrf']
[2025-08-14T13:31:00.468+0000] {logging_mixin.py:188} WARNING - /home/***/.local/lib/python3.12/site-packages/***/task/task_runner/standard_task_runner.py:61 DeprecationWarning: This process (pid=7174) is multi-threaded, use of fork() may lead to deadlocks in the child.
[2025-08-14T13:31:00.468+0000] {standard_task_runner.py:91} INFO - Job 186: Subtask run_notebook
[2025-08-14T13:31:00.468+0000] {standard_task_runner.py:63} INFO - Started process 7175 to run task
[2025-08-14T13:31:00.520+0000] {task_command.py:426} INFO - Running <TaskInstance: solar_flares_train_12h.run_notebook scheduled__2025-08-14T00:05:00+00:00 [running]> on host def4e694b617
[2025-08-14T13:31:00.626+0000] {taskinstance.py:2648} INFO - Exporting env vars: AIRFLOW_CTX_DAG_OWNER='you' AIRFLOW_CTX_DAG_ID='solar_flares_train_12h' AIRFLOW_CTX_TASK_ID='run_notebook' AIRFLOW_CTX_EXECUTION_DATE='2025-08-14T00:05:00+00:00' AIRFLOW_CTX_TRY_NUMBER='1' AIRFLOW_CTX_DAG_RUN_ID='scheduled__2025-08-14T00:05:00+00:00'
[2025-08-14T13:31:00.627+0000] {taskinstance.py:430} INFO - ::endgroup::
[2025-08-14T13:31:00.638+0000] {subprocess.py:63} INFO - Tmp dir root location: /tmp
[2025-08-14T13:31:00.640+0000] {subprocess.py:75} INFO - Running command: ['/usr/bin/bash', '-c', '\nset -euo pipefail\ncd /opt/project/notebooks\nOUT="ml_x_ray_sensor_generated.ipynb"\nTMP="$(mktemp -p /tmp ml_x_tmp_XXXXXX.ipynb)"\npython -m papermill -k *** ml_x_ray_sensor.ipynb "$TMP"\nmv -f "$TMP" "$OUT"\necho "Notebook généré -> $OUT"']
[2025-08-14T13:31:00.653+0000] {subprocess.py:86} INFO - Output:
[2025-08-14T13:31:02.520+0000] {subprocess.py:93} INFO - Input Notebook:  ml_x_ray_sensor.ipynb
[2025-08-14T13:31:02.521+0000] {subprocess.py:93} INFO - Output Notebook: /tmp/ml_x_tmp_S32XNc.ipynb
[2025-08-14T13:31:04.490+0000] {subprocess.py:93} INFO - Executing:   0%|          | 0/27 [00:00<?, ?cell/s]Executing notebook with kernel: ***
[2025-08-14T13:32:18.988+0000] {subprocess.py:93} INFO - Executing:   4%|▎         | 1/27 [00:07<03:08,  7.23s/cell]Executing:   7%|▋         | 2/27 [00:07<01:17,  3.12s/cell]Executing:  15%|█▍        | 4/27 [00:07<00:27,  1.21s/cell]Executing:  19%|█▊        | 5/27 [00:08<00:25,  1.18s/cell]Executing:  26%|██▌       | 7/27 [00:09<00:14,  1.39cell/s]Executing:  30%|██▉       | 8/27 [00:09<00:11,  1.64cell/s]Executing:  41%|████      | 11/27 [00:09<00:05,  2.67cell/s]Executing:  48%|████▊     | 13/27 [00:09<00:03,  3.73cell/s]Executing:  52%|█████▏    | 14/27 [01:07<02:26, 11.27s/cell]Executing:  56%|█████▌    | 15/27 [01:07<01:46,  8.88s/cell]Executing:  63%|██████▎   | 17/27 [01:08<00:55,  5.53s/cell]Executing:  70%|███████   | 19/27 [01:08<00:29,  3.69s/cell]Executing:  74%|███████▍  | 20/27 [01:08<00:20,  2.98s/cell]Executing:  81%|████████▏ | 22/27 [01:10<00:10,  2.16s/cell]Executing:  89%|████████▉ | 24/27 [01:15<00:06,  2.27s/cell]Executing: 100%|██████████| 27/27 [01:16<00:00,  2.83s/cell]
[2025-08-14T13:32:19.257+0000] {subprocess.py:93} INFO - Notebook généré -> ml_x_ray_sensor_generated.ipynb
[2025-08-14T13:32:19.257+0000] {subprocess.py:97} INFO - Command exited with return code 0
[2025-08-14T13:32:19.258+0000] {taskinstance.py:441} INFO - ::group::Post task execution logs
[2025-08-14T13:32:19.291+0000] {taskinstance.py:1206} INFO - Marking task as SUCCESS. dag_id=solar_flares_train_12h, task_id=run_notebook, run_id=scheduled__2025-08-14T00:05:00+00:00, execution_date=20250814T000500, start_date=20250814T133100, end_date=20250814T133219
[2025-08-14T13:32:19.349+0000] {local_task_job_runner.py:240} INFO - Task exited with return code 0
[2025-08-14T13:32:19.369+0000] {taskinstance.py:3503} INFO - 1 downstream tasks scheduled from follow-on schedule check
[2025-08-14T13:32:19.372+0000] {local_task_job_runner.py:222} INFO - ::endgroup::
