[2025-08-14T00:43:10.968+0000] {local_task_job_runner.py:120} INFO - ::group::Pre task execution logs
[2025-08-14T00:43:11.022+0000] {taskinstance.py:2076} INFO - Dependencies all met for dep_context=non-requeueable deps ti=<TaskInstance: solar_flares_train_12h.run_notebook scheduled__2025-08-13T00:05:00+00:00 [queued]>
[2025-08-14T00:43:11.034+0000] {taskinstance.py:2076} INFO - Dependencies all met for dep_context=requeueable deps ti=<TaskInstance: solar_flares_train_12h.run_notebook scheduled__2025-08-13T00:05:00+00:00 [queued]>
[2025-08-14T00:43:11.035+0000] {taskinstance.py:2306} INFO - Starting attempt 1 of 2
[2025-08-14T00:43:11.056+0000] {taskinstance.py:2330} INFO - Executing <Task(BashOperator): run_notebook> on 2025-08-13 00:05:00+00:00
[2025-08-14T00:43:11.070+0000] {standard_task_runner.py:90} INFO - Running: ['***', 'tasks', 'run', 'solar_flares_train_12h', 'run_notebook', 'scheduled__2025-08-13T00:05:00+00:00', '--job-id', '171', '--raw', '--subdir', 'DAGS_FOLDER/solar_flares_train_12h.py', '--cfg-path', '/tmp/tmp1fphfmdk']
[2025-08-14T00:43:11.073+0000] {standard_task_runner.py:91} INFO - Job 171: Subtask run_notebook
[2025-08-14T00:43:11.074+0000] {logging_mixin.py:188} WARNING - /home/***/.local/lib/python3.12/site-packages/***/task/task_runner/standard_task_runner.py:61 DeprecationWarning: This process (pid=6375) is multi-threaded, use of fork() may lead to deadlocks in the child.
[2025-08-14T00:43:11.075+0000] {standard_task_runner.py:63} INFO - Started process 6391 to run task
[2025-08-14T00:43:11.152+0000] {task_command.py:426} INFO - Running <TaskInstance: solar_flares_train_12h.run_notebook scheduled__2025-08-13T00:05:00+00:00 [running]> on host def4e694b617
[2025-08-14T00:43:11.288+0000] {taskinstance.py:2648} INFO - Exporting env vars: AIRFLOW_CTX_DAG_OWNER='you' AIRFLOW_CTX_DAG_ID='solar_flares_train_12h' AIRFLOW_CTX_TASK_ID='run_notebook' AIRFLOW_CTX_EXECUTION_DATE='2025-08-13T00:05:00+00:00' AIRFLOW_CTX_TRY_NUMBER='1' AIRFLOW_CTX_DAG_RUN_ID='scheduled__2025-08-13T00:05:00+00:00'
[2025-08-14T00:43:11.289+0000] {taskinstance.py:430} INFO - ::endgroup::
[2025-08-14T00:43:11.302+0000] {subprocess.py:63} INFO - Tmp dir root location: /tmp
[2025-08-14T00:43:11.304+0000] {subprocess.py:75} INFO - Running command: ['/usr/bin/bash', '-c', '\nset -euo pipefail\ncd /opt/project/notebooks\nOUT="ml_x_ray_sensor_generated.ipynb"\nTMP="$(mktemp -p /tmp ml_x_tmp_XXXXXX.ipynb)"\npython -m papermill -k *** ml_x_ray_sensor.ipynb "$TMP"\nmv -f "$TMP" "$OUT"\necho "Notebook généré -> $OUT"']
[2025-08-14T00:43:11.324+0000] {subprocess.py:86} INFO - Output:
[2025-08-14T00:43:14.277+0000] {subprocess.py:93} INFO - Input Notebook:  ml_x_ray_sensor.ipynb
[2025-08-14T00:43:14.279+0000] {subprocess.py:93} INFO - Output Notebook: /tmp/ml_x_tmp_Y7y1On.ipynb
[2025-08-14T00:43:16.846+0000] {subprocess.py:93} INFO - Executing:   0%|          | 0/27 [00:00<?, ?cell/s]Executing notebook with kernel: ***
[2025-08-14T00:44:41.851+0000] {subprocess.py:93} INFO - Executing:   4%|▎         | 1/27 [00:14<06:16, 14.46s/cell]Executing:   7%|▋         | 2/27 [00:14<02:35,  6.21s/cell]Executing:  11%|█         | 3/27 [00:15<01:22,  3.44s/cell]Executing:  19%|█▊        | 5/27 [00:17<00:45,  2.06s/cell]Executing:  26%|██▌       | 7/27 [00:17<00:25,  1.25s/cell]Executing:  30%|██▉       | 8/27 [00:18<00:22,  1.21s/cell]Executing:  33%|███▎      | 9/27 [00:18<00:17,  1.05cell/s]Executing:  41%|████      | 11/27 [00:19<00:12,  1.33cell/s]Executing:  48%|████▊     | 13/27 [00:19<00:06,  2.04cell/s]Executing:  52%|█████▏    | 14/27 [01:16<02:42, 12.47s/cell]Executing:  56%|█████▌    | 15/27 [01:16<01:55,  9.60s/cell]Executing:  63%|██████▎   | 17/27 [01:17<00:57,  5.80s/cell]Executing:  70%|███████   | 19/27 [01:17<00:30,  3.80s/cell]Executing:  74%|███████▍  | 20/27 [01:17<00:21,  3.05s/cell]Executing:  81%|████████▏ | 22/27 [01:19<00:10,  2.19s/cell]Executing:  89%|████████▉ | 24/27 [01:26<00:07,  2.59s/cell]Executing: 100%|██████████| 27/27 [01:27<00:00,  3.24s/cell]
[2025-08-14T00:44:42.174+0000] {subprocess.py:93} INFO - Notebook généré -> ml_x_ray_sensor_generated.ipynb
[2025-08-14T00:44:42.175+0000] {subprocess.py:97} INFO - Command exited with return code 0
[2025-08-14T00:44:42.177+0000] {taskinstance.py:441} INFO - ::group::Post task execution logs
[2025-08-14T00:44:42.213+0000] {taskinstance.py:1206} INFO - Marking task as SUCCESS. dag_id=solar_flares_train_12h, task_id=run_notebook, run_id=scheduled__2025-08-13T00:05:00+00:00, execution_date=20250813T000500, start_date=20250814T004311, end_date=20250814T004442
[2025-08-14T00:44:42.258+0000] {local_task_job_runner.py:240} INFO - Task exited with return code 0
[2025-08-14T00:44:42.286+0000] {taskinstance.py:3503} INFO - 1 downstream tasks scheduled from follow-on schedule check
[2025-08-14T00:44:42.289+0000] {local_task_job_runner.py:222} INFO - ::endgroup::
