[2025-08-09T20:32:10.205+0000] {local_task_job_runner.py:120} INFO - ::group::Pre task execution logs
[2025-08-09T20:32:10.236+0000] {taskinstance.py:2076} INFO - Dependencies all met for dep_context=non-requeueable deps ti=<TaskInstance: xrs_update_12h.update_swpc_recent manual__2025-08-09T20:32:00+00:00 [queued]>
[2025-08-09T20:32:10.245+0000] {taskinstance.py:2076} INFO - Dependencies all met for dep_context=requeueable deps ti=<TaskInstance: xrs_update_12h.update_swpc_recent manual__2025-08-09T20:32:00+00:00 [queued]>
[2025-08-09T20:32:10.247+0000] {taskinstance.py:2306} INFO - Starting attempt 1 of 3
[2025-08-09T20:32:10.259+0000] {taskinstance.py:2330} INFO - Executing <Task(BashOperator): update_swpc_recent> on 2025-08-09 20:32:00+00:00
[2025-08-09T20:32:10.267+0000] {standard_task_runner.py:90} INFO - Running: ['***', 'tasks', 'run', 'xrs_update_12h', 'update_swpc_recent', 'manual__2025-08-09T20:32:00+00:00', '--job-id', '80', '--raw', '--subdir', 'DAGS_FOLDER/xrs_update_daily.py', '--cfg-path', '/tmp/tmpp_tn82c2']
[2025-08-09T20:32:10.269+0000] {logging_mixin.py:188} WARNING - /home/***/.local/lib/python3.12/site-packages/***/task/task_runner/standard_task_runner.py:61 DeprecationWarning: This process (pid=672) is multi-threaded, use of fork() may lead to deadlocks in the child.
[2025-08-09T20:32:10.269+0000] {standard_task_runner.py:91} INFO - Job 80: Subtask update_swpc_recent
[2025-08-09T20:32:10.269+0000] {standard_task_runner.py:63} INFO - Started process 673 to run task
[2025-08-09T20:32:10.313+0000] {task_command.py:426} INFO - Running <TaskInstance: xrs_update_12h.update_swpc_recent manual__2025-08-09T20:32:00+00:00 [running]> on host 9d4e07229e62
[2025-08-09T20:32:10.390+0000] {taskinstance.py:2648} INFO - Exporting env vars: AIRFLOW_CTX_DAG_OWNER='you' AIRFLOW_CTX_DAG_ID='xrs_update_12h' AIRFLOW_CTX_TASK_ID='update_swpc_recent' AIRFLOW_CTX_EXECUTION_DATE='2025-08-09T20:32:00+00:00' AIRFLOW_CTX_TRY_NUMBER='1' AIRFLOW_CTX_DAG_RUN_ID='manual__2025-08-09T20:32:00+00:00'
[2025-08-09T20:32:10.391+0000] {taskinstance.py:430} INFO - ::endgroup::
[2025-08-09T20:32:10.401+0000] {subprocess.py:63} INFO - Tmp dir root location: /tmp
[2025-08-09T20:32:10.402+0000] {subprocess.py:75} INFO - Running command: ['/usr/bin/bash', '-c', 'python /opt/project/src/data/xrs_update.py --mode update --since-minutes 20160 --keep-days 180']
[2025-08-09T20:32:10.412+0000] {subprocess.py:86} INFO - Output:
[2025-08-09T20:32:12.210+0000] {subprocess.py:93} INFO - [INFO] retention applied: >= 2025-02-10 20:32:12.183540+00:00
[2025-08-09T20:32:12.210+0000] {subprocess.py:93} INFO - {"merged_rows_total": 10124, "range": ["2025-08-02 19:46:00+00:00", "2025-08-09 20:29:00+00:00"]}
[2025-08-09T20:32:12.304+0000] {subprocess.py:97} INFO - Command exited with return code 0
[2025-08-09T20:32:12.306+0000] {taskinstance.py:441} INFO - ::group::Post task execution logs
[2025-08-09T20:32:12.329+0000] {taskinstance.py:1206} INFO - Marking task as SUCCESS. dag_id=xrs_update_12h, task_id=update_swpc_recent, run_id=manual__2025-08-09T20:32:00+00:00, execution_date=20250809T203200, start_date=20250809T203210, end_date=20250809T203212
[2025-08-09T20:32:12.367+0000] {local_task_job_runner.py:240} INFO - Task exited with return code 0
[2025-08-09T20:32:12.386+0000] {taskinstance.py:3503} INFO - 1 downstream tasks scheduled from follow-on schedule check
[2025-08-09T20:32:12.388+0000] {local_task_job_runner.py:222} INFO - ::endgroup::
