[2025-08-12T12:41:33.477+0000] {local_task_job_runner.py:120} INFO - ::group::Pre task execution logs
[2025-08-12T12:41:33.512+0000] {taskinstance.py:2076} INFO - Dependencies all met for dep_context=non-requeueable deps ti=<TaskInstance: solar_flares_train_12h.ensure_kernel scheduled__2025-08-12T00:00:00+00:00 [queued]>
[2025-08-12T12:41:33.520+0000] {taskinstance.py:2076} INFO - Dependencies all met for dep_context=requeueable deps ti=<TaskInstance: solar_flares_train_12h.ensure_kernel scheduled__2025-08-12T00:00:00+00:00 [queued]>
[2025-08-12T12:41:33.521+0000] {taskinstance.py:2306} INFO - Starting attempt 2 of 4
[2025-08-12T12:41:33.532+0000] {taskinstance.py:2330} INFO - Executing <Task(BashOperator): ensure_kernel> on 2025-08-12 00:00:00+00:00
[2025-08-12T12:41:33.543+0000] {logging_mixin.py:188} WARNING - /home/***/.local/lib/python3.12/site-packages/***/task/task_runner/standard_task_runner.py:61 DeprecationWarning: This process (pid=3256) is multi-threaded, use of fork() may lead to deadlocks in the child.
[2025-08-12T12:41:33.542+0000] {standard_task_runner.py:90} INFO - Running: ['***', 'tasks', 'run', 'solar_flares_train_12h', 'ensure_kernel', 'scheduled__2025-08-12T00:00:00+00:00', '--job-id', '126', '--raw', '--subdir', 'DAGS_FOLDER/solar_flares_train_12h.py', '--cfg-path', '/tmp/tmpovsqwa6k']
[2025-08-12T12:41:33.545+0000] {standard_task_runner.py:63} INFO - Started process 3257 to run task
[2025-08-12T12:41:33.545+0000] {standard_task_runner.py:91} INFO - Job 126: Subtask ensure_kernel
[2025-08-12T12:41:33.605+0000] {task_command.py:426} INFO - Running <TaskInstance: solar_flares_train_12h.ensure_kernel scheduled__2025-08-12T00:00:00+00:00 [running]> on host 72ec96fe1e37
[2025-08-12T12:41:33.737+0000] {taskinstance.py:2648} INFO - Exporting env vars: AIRFLOW_CTX_DAG_OWNER='you' AIRFLOW_CTX_DAG_ID='solar_flares_train_12h' AIRFLOW_CTX_TASK_ID='ensure_kernel' AIRFLOW_CTX_EXECUTION_DATE='2025-08-12T00:00:00+00:00' AIRFLOW_CTX_TRY_NUMBER='2' AIRFLOW_CTX_DAG_RUN_ID='scheduled__2025-08-12T00:00:00+00:00'
[2025-08-12T12:41:33.738+0000] {taskinstance.py:430} INFO - ::endgroup::
[2025-08-12T12:41:33.750+0000] {subprocess.py:63} INFO - Tmp dir root location: /tmp
[2025-08-12T12:41:33.752+0000] {subprocess.py:75} INFO - Running command: ['/usr/bin/bash', '-c', '\nset -e\n\n# 0) HOME robuste (fallback si non défini par Airflow)\nHOME="${HOME:-$(python - <<\'PY\'\nimport pathlib, sys\nprint(pathlib.Path.home())\nPY\n)}"\n\n# 1) ipykernel présent\npython -c "import ipykernel" 2>/dev/null || pip install --no-cache-dir ipykernel==6.29.5\n\n# 2) (re)crée le kernelspec \'***\'\npython -m ipykernel install --user --name *** --display-name \'Python 3 (Airflow)\'\n\n# 3) Réécrit le kernel.json avec le bon python et s’assure que le dossier existe\nKDIR="$HOME/.local/share/jupyter/kernels/***"\nmkdir -p "$KDIR"\nPYBIN="$(command -v python)"\ncat > "$KDIR/kernel.json" <<JSON\n{\n  "argv": ["$PYBIN", "-Xfrozen_modules=off", "-m", "ipykernel_launcher", "-f", "{connection_file}"],\n  "display_name": "Python 3 (Airflow)",\n  "language": "python"\n}\nJSON\necho "Kernel *** OK -> $KDIR (python=$PYBIN)"']
[2025-08-12T12:41:33.762+0000] {subprocess.py:86} INFO - Output:
[2025-08-12T12:41:35.162+0000] {subprocess.py:93} INFO - Installed kernelspec *** in /home/***/.local/share/jupyter/kernels/***
[2025-08-12T12:41:35.272+0000] {subprocess.py:93} INFO - Kernel *** OK -> /home/***/.local/share/jupyter/kernels/*** (python=/usr/local/bin/python)
[2025-08-12T12:41:35.272+0000] {subprocess.py:97} INFO - Command exited with return code 0
[2025-08-12T12:41:35.273+0000] {taskinstance.py:441} INFO - ::group::Post task execution logs
[2025-08-12T12:41:35.299+0000] {taskinstance.py:1206} INFO - Marking task as SUCCESS. dag_id=solar_flares_train_12h, task_id=ensure_kernel, run_id=scheduled__2025-08-12T00:00:00+00:00, execution_date=20250812T000000, start_date=20250812T124133, end_date=20250812T124135
[2025-08-12T12:41:35.324+0000] {local_task_job_runner.py:240} INFO - Task exited with return code 0
[2025-08-12T12:41:35.344+0000] {taskinstance.py:3503} INFO - 1 downstream tasks scheduled from follow-on schedule check
[2025-08-12T12:41:35.347+0000] {local_task_job_runner.py:222} INFO - ::endgroup::
