[2025-08-10T00:49:48.916+0000] {local_task_job_runner.py:120} INFO - ::group::Pre task execution logs
[2025-08-10T00:49:48.991+0000] {taskinstance.py:2076} INFO - Dependencies all met for dep_context=non-requeueable deps ti=<TaskInstance: xrs_update_12h.backfill_ncei_j2 scheduled__2025-08-09T12:00:00+00:00 [queued]>
[2025-08-10T00:49:49.000+0000] {taskinstance.py:2076} INFO - Dependencies all met for dep_context=requeueable deps ti=<TaskInstance: xrs_update_12h.backfill_ncei_j2 scheduled__2025-08-09T12:00:00+00:00 [queued]>
[2025-08-10T00:49:49.001+0000] {taskinstance.py:2306} INFO - Starting attempt 1 of 3
[2025-08-10T00:49:49.013+0000] {taskinstance.py:2330} INFO - Executing <Task(BashOperator): backfill_ncei_j2> on 2025-08-09 12:00:00+00:00
[2025-08-10T00:49:49.021+0000] {standard_task_runner.py:90} INFO - Running: ['***', 'tasks', 'run', 'xrs_update_12h', 'backfill_ncei_j2', 'scheduled__2025-08-09T12:00:00+00:00', '--job-id', '83', '--raw', '--subdir', 'DAGS_FOLDER/xrs_update_daily.py', '--cfg-path', '/tmp/tmp5q1omk37']
[2025-08-10T00:49:49.024+0000] {logging_mixin.py:188} WARNING - /home/***/.local/lib/python3.12/site-packages/***/task/task_runner/standard_task_runner.py:61 DeprecationWarning: This process (pid=1287) is multi-threaded, use of fork() may lead to deadlocks in the child.
[2025-08-10T00:49:49.024+0000] {standard_task_runner.py:91} INFO - Job 83: Subtask backfill_ncei_j2
[2025-08-10T00:49:49.025+0000] {standard_task_runner.py:63} INFO - Started process 1290 to run task
[2025-08-10T00:49:49.076+0000] {task_command.py:426} INFO - Running <TaskInstance: xrs_update_12h.backfill_ncei_j2 scheduled__2025-08-09T12:00:00+00:00 [running]> on host cc677a4d03cd
[2025-08-10T00:49:49.185+0000] {taskinstance.py:2648} INFO - Exporting env vars: AIRFLOW_CTX_DAG_OWNER='you' AIRFLOW_CTX_DAG_ID='xrs_update_12h' AIRFLOW_CTX_TASK_ID='backfill_ncei_j2' AIRFLOW_CTX_EXECUTION_DATE='2025-08-09T12:00:00+00:00' AIRFLOW_CTX_TRY_NUMBER='1' AIRFLOW_CTX_DAG_RUN_ID='scheduled__2025-08-09T12:00:00+00:00'
[2025-08-10T00:49:49.186+0000] {taskinstance.py:430} INFO - ::endgroup::
[2025-08-10T00:49:49.225+0000] {subprocess.py:63} INFO - Tmp dir root location: /tmp
[2025-08-10T00:49:49.227+0000] {subprocess.py:75} INFO - Running command: ['/usr/bin/bash', '-c', 'python /opt/project/src/data/xrs_update.py --mode backfill --start 2025-08-07 --end 2025-08-07']
[2025-08-10T00:49:49.239+0000] {subprocess.py:86} INFO - Output:
[2025-08-10T00:49:53.906+0000] {subprocess.py:93} INFO - [DONE] backfill complete -> rows=0
[2025-08-10T00:49:54.055+0000] {subprocess.py:97} INFO - Command exited with return code 0
[2025-08-10T00:49:54.056+0000] {taskinstance.py:441} INFO - ::group::Post task execution logs
[2025-08-10T00:49:54.095+0000] {taskinstance.py:1206} INFO - Marking task as SUCCESS. dag_id=xrs_update_12h, task_id=backfill_ncei_j2, run_id=scheduled__2025-08-09T12:00:00+00:00, execution_date=20250809T120000, start_date=20250810T004948, end_date=20250810T004954
[2025-08-10T00:49:54.120+0000] {local_task_job_runner.py:240} INFO - Task exited with return code 0
[2025-08-10T00:49:54.152+0000] {taskinstance.py:3503} INFO - 1 downstream tasks scheduled from follow-on schedule check
[2025-08-10T00:49:54.155+0000] {local_task_job_runner.py:222} INFO - ::endgroup::
