[2025-08-12T12:00:22.213+0000] {local_task_job_runner.py:120} INFO - ::group::Pre task execution logs
[2025-08-12T12:00:22.249+0000] {taskinstance.py:2076} INFO - Dependencies all met for dep_context=non-requeueable deps ti=<TaskInstance: xrs_update_12h.update_swpc_recent scheduled__2025-08-12T00:00:00+00:00 [queued]>
[2025-08-12T12:00:22.258+0000] {taskinstance.py:2076} INFO - Dependencies all met for dep_context=requeueable deps ti=<TaskInstance: xrs_update_12h.update_swpc_recent scheduled__2025-08-12T00:00:00+00:00 [queued]>
[2025-08-12T12:00:22.260+0000] {taskinstance.py:2306} INFO - Starting attempt 1 of 3
[2025-08-12T12:00:22.274+0000] {taskinstance.py:2330} INFO - Executing <Task(BashOperator): update_swpc_recent> on 2025-08-12 00:00:00+00:00
[2025-08-12T12:00:22.282+0000] {standard_task_runner.py:90} INFO - Running: ['***', 'tasks', 'run', 'xrs_update_12h', 'update_swpc_recent', 'scheduled__2025-08-12T00:00:00+00:00', '--job-id', '117', '--raw', '--subdir', 'DAGS_FOLDER/xrs_update_daily.py', '--cfg-path', '/tmp/tmpf5ez6o36']
[2025-08-12T12:00:22.284+0000] {logging_mixin.py:188} WARNING - /home/***/.local/lib/python3.12/site-packages/***/task/task_runner/standard_task_runner.py:61 DeprecationWarning: This process (pid=2116) is multi-threaded, use of fork() may lead to deadlocks in the child.
[2025-08-12T12:00:22.285+0000] {standard_task_runner.py:91} INFO - Job 117: Subtask update_swpc_recent
[2025-08-12T12:00:22.285+0000] {standard_task_runner.py:63} INFO - Started process 2117 to run task
[2025-08-12T12:00:22.332+0000] {task_command.py:426} INFO - Running <TaskInstance: xrs_update_12h.update_swpc_recent scheduled__2025-08-12T00:00:00+00:00 [running]> on host 72ec96fe1e37
[2025-08-12T12:00:22.406+0000] {taskinstance.py:2648} INFO - Exporting env vars: AIRFLOW_CTX_DAG_OWNER='you' AIRFLOW_CTX_DAG_ID='xrs_update_12h' AIRFLOW_CTX_TASK_ID='update_swpc_recent' AIRFLOW_CTX_EXECUTION_DATE='2025-08-12T00:00:00+00:00' AIRFLOW_CTX_TRY_NUMBER='1' AIRFLOW_CTX_DAG_RUN_ID='scheduled__2025-08-12T00:00:00+00:00'
[2025-08-12T12:00:22.407+0000] {taskinstance.py:430} INFO - ::endgroup::
[2025-08-12T12:00:22.419+0000] {subprocess.py:63} INFO - Tmp dir root location: /tmp
[2025-08-12T12:00:22.421+0000] {subprocess.py:75} INFO - Running command: ['/usr/bin/bash', '-c', 'python /opt/project/src/data/xrs_update.py --mode update --since-minutes 20160 --keep-days 180']
[2025-08-12T12:00:22.431+0000] {subprocess.py:86} INFO - Output:
[2025-08-12T12:00:24.675+0000] {subprocess.py:93} INFO - [INFO] retention applied: >= 2025-02-13 12:00:24.509027+00:00
[2025-08-12T12:00:24.676+0000] {subprocess.py:93} INFO - {"merged_rows_total": 149038, "range": ["2025-05-01 00:00:00+00:00", "2025-08-12 11:57:00+00:00"]}
[2025-08-12T12:00:24.815+0000] {subprocess.py:97} INFO - Command exited with return code 0
[2025-08-12T12:00:24.816+0000] {taskinstance.py:441} INFO - ::group::Post task execution logs
[2025-08-12T12:00:24.849+0000] {taskinstance.py:1206} INFO - Marking task as SUCCESS. dag_id=xrs_update_12h, task_id=update_swpc_recent, run_id=scheduled__2025-08-12T00:00:00+00:00, execution_date=20250812T000000, start_date=20250812T120022, end_date=20250812T120024
[2025-08-12T12:00:24.904+0000] {local_task_job_runner.py:240} INFO - Task exited with return code 0
[2025-08-12T12:00:24.922+0000] {taskinstance.py:3503} INFO - 1 downstream tasks scheduled from follow-on schedule check
[2025-08-12T12:00:24.925+0000] {local_task_job_runner.py:222} INFO - ::endgroup::
