[2025-08-09T19:53:07.254+0000] {local_task_job_runner.py:120} INFO - ::group::Pre task execution logs
[2025-08-09T19:53:07.292+0000] {taskinstance.py:2076} INFO - Dependencies all met for dep_context=non-requeueable deps ti=<TaskInstance: xrs_update_12h.backfill_ncei_yesterday manual__2025-08-09T19:53:05+00:00 [queued]>
[2025-08-09T19:53:07.300+0000] {taskinstance.py:2076} INFO - Dependencies all met for dep_context=requeueable deps ti=<TaskInstance: xrs_update_12h.backfill_ncei_yesterday manual__2025-08-09T19:53:05+00:00 [queued]>
[2025-08-09T19:53:07.308+0000] {taskinstance.py:2306} INFO - Starting attempt 1 of 3
[2025-08-09T19:53:07.320+0000] {taskinstance.py:2330} INFO - Executing <Task(BashOperator): backfill_ncei_yesterday> on 2025-08-09 19:53:05+00:00
[2025-08-09T19:53:07.328+0000] {standard_task_runner.py:90} INFO - Running: ['***', 'tasks', 'run', 'xrs_update_12h', 'backfill_ncei_yesterday', 'manual__2025-08-09T19:53:05+00:00', '--job-id', '66', '--raw', '--subdir', 'DAGS_FOLDER/xrs_update_daily.py', '--cfg-path', '/tmp/tmpizy7ethd']
[2025-08-09T19:53:07.331+0000] {standard_task_runner.py:91} INFO - Job 66: Subtask backfill_ncei_yesterday
[2025-08-09T19:53:07.331+0000] {logging_mixin.py:188} WARNING - /home/***/.local/lib/python3.12/site-packages/***/task/task_runner/standard_task_runner.py:61 DeprecationWarning: This process (pid=234) is multi-threaded, use of fork() may lead to deadlocks in the child.
[2025-08-09T19:53:07.331+0000] {standard_task_runner.py:63} INFO - Started process 235 to run task
[2025-08-09T19:53:07.378+0000] {task_command.py:426} INFO - Running <TaskInstance: xrs_update_12h.backfill_ncei_yesterday manual__2025-08-09T19:53:05+00:00 [running]> on host 9d4e07229e62
[2025-08-09T19:53:07.480+0000] {taskinstance.py:2648} INFO - Exporting env vars: AIRFLOW_CTX_DAG_OWNER='you' AIRFLOW_CTX_DAG_ID='xrs_update_12h' AIRFLOW_CTX_TASK_ID='backfill_ncei_yesterday' AIRFLOW_CTX_EXECUTION_DATE='2025-08-09T19:53:05+00:00' AIRFLOW_CTX_TRY_NUMBER='1' AIRFLOW_CTX_DAG_RUN_ID='manual__2025-08-09T19:53:05+00:00'
[2025-08-09T19:53:07.483+0000] {taskinstance.py:430} INFO - ::endgroup::
[2025-08-09T19:53:07.494+0000] {subprocess.py:63} INFO - Tmp dir root location: /tmp
[2025-08-09T19:53:07.495+0000] {subprocess.py:75} INFO - Running command: ['/usr/bin/bash', '-c', 'python /opt/project/src/data/xrs_update.py --mode backfill --start 2025-08-07 --end 2025-08-07']
[2025-08-09T19:53:07.506+0000] {subprocess.py:86} INFO - Output:
[2025-08-09T19:53:11.301+0000] {subprocess.py:93} INFO - [DONE] backfill complete -> rows=0
[2025-08-09T19:53:11.440+0000] {subprocess.py:97} INFO - Command exited with return code 0
[2025-08-09T19:53:11.449+0000] {taskinstance.py:441} INFO - ::group::Post task execution logs
[2025-08-09T19:53:11.486+0000] {taskinstance.py:1206} INFO - Marking task as SUCCESS. dag_id=xrs_update_12h, task_id=backfill_ncei_yesterday, run_id=manual__2025-08-09T19:53:05+00:00, execution_date=20250809T195305, start_date=20250809T195307, end_date=20250809T195311
[2025-08-09T19:53:11.527+0000] {local_task_job_runner.py:240} INFO - Task exited with return code 0
[2025-08-09T19:53:11.561+0000] {taskinstance.py:3503} INFO - 1 downstream tasks scheduled from follow-on schedule check
[2025-08-09T19:53:11.571+0000] {local_task_job_runner.py:222} INFO - ::endgroup::
