[2025-08-14T00:44:52.122+0000] {local_task_job_runner.py:120} INFO - ::group::Pre task execution logs
[2025-08-14T00:44:52.176+0000] {taskinstance.py:2076} INFO - Dependencies all met for dep_context=non-requeueable deps ti=<TaskInstance: solar_flares_train_12h.ensure_kernel scheduled__2025-08-13T12:05:00+00:00 [queued]>
[2025-08-14T00:44:52.188+0000] {taskinstance.py:2076} INFO - Dependencies all met for dep_context=requeueable deps ti=<TaskInstance: solar_flares_train_12h.ensure_kernel scheduled__2025-08-13T12:05:00+00:00 [queued]>
[2025-08-14T00:44:52.189+0000] {taskinstance.py:2306} INFO - Starting attempt 1 of 2
[2025-08-14T00:44:52.206+0000] {taskinstance.py:2330} INFO - Executing <Task(BashOperator): ensure_kernel> on 2025-08-13 12:05:00+00:00
[2025-08-14T00:44:52.217+0000] {standard_task_runner.py:90} INFO - Running: ['***', 'tasks', 'run', 'solar_flares_train_12h', 'ensure_kernel', 'scheduled__2025-08-13T12:05:00+00:00', '--job-id', '179', '--raw', '--subdir', 'DAGS_FOLDER/solar_flares_train_12h.py', '--cfg-path', '/tmp/tmpoh49n9j6']
[2025-08-14T00:44:52.220+0000] {standard_task_runner.py:91} INFO - Job 179: Subtask ensure_kernel
[2025-08-14T00:44:52.220+0000] {logging_mixin.py:188} WARNING - /home/***/.local/lib/python3.12/site-packages/***/task/task_runner/standard_task_runner.py:61 DeprecationWarning: This process (pid=6755) is multi-threaded, use of fork() may lead to deadlocks in the child.
[2025-08-14T00:44:52.221+0000] {standard_task_runner.py:63} INFO - Started process 6756 to run task
[2025-08-14T00:44:52.291+0000] {task_command.py:426} INFO - Running <TaskInstance: solar_flares_train_12h.ensure_kernel scheduled__2025-08-13T12:05:00+00:00 [running]> on host def4e694b617
[2025-08-14T00:44:52.432+0000] {taskinstance.py:2648} INFO - Exporting env vars: AIRFLOW_CTX_DAG_OWNER='you' AIRFLOW_CTX_DAG_ID='solar_flares_train_12h' AIRFLOW_CTX_TASK_ID='ensure_kernel' AIRFLOW_CTX_EXECUTION_DATE='2025-08-13T12:05:00+00:00' AIRFLOW_CTX_TRY_NUMBER='1' AIRFLOW_CTX_DAG_RUN_ID='scheduled__2025-08-13T12:05:00+00:00'
[2025-08-14T00:44:52.433+0000] {taskinstance.py:430} INFO - ::endgroup::
[2025-08-14T00:44:52.453+0000] {subprocess.py:63} INFO - Tmp dir root location: /tmp
[2025-08-14T00:44:52.465+0000] {subprocess.py:75} INFO - Running command: ['/usr/bin/bash', '-c', '\nset -e\nHOME=/home/***\npython -c "import ipykernel" 2>/dev/null || pip install --no-cache-dir ipykernel==6.29.5\npython -m ipykernel install --user --name *** --display-name \'Python 3 (Airflow)\'\nKDIR="$HOME/.local/share/jupyter/kernels/***"\nmkdir -p "$KDIR"\nPYBIN="$(command -v python)"\ncat > "$KDIR/kernel.json" <<JSON\n{"argv":["$PYBIN","-Xfrozen_modules=off","-m","ipykernel_launcher","-f","{connection_file}"],\n "display_name":"Python 3 (Airflow)","language":"python"}\nJSON\necho "Kernel *** ready: $KDIR"']
[2025-08-14T00:44:52.482+0000] {subprocess.py:86} INFO - Output:
[2025-08-14T00:44:54.482+0000] {subprocess.py:93} INFO - Installed kernelspec *** in /home/***/.local/share/jupyter/kernels/***
[2025-08-14T00:44:54.587+0000] {subprocess.py:93} INFO - Kernel *** ready: /home/***/.local/share/jupyter/kernels/***
[2025-08-14T00:44:54.588+0000] {subprocess.py:97} INFO - Command exited with return code 0
[2025-08-14T00:44:54.589+0000] {taskinstance.py:441} INFO - ::group::Post task execution logs
[2025-08-14T00:44:54.620+0000] {taskinstance.py:1206} INFO - Marking task as SUCCESS. dag_id=solar_flares_train_12h, task_id=ensure_kernel, run_id=scheduled__2025-08-13T12:05:00+00:00, execution_date=20250813T120500, start_date=20250814T004452, end_date=20250814T004454
[2025-08-14T00:44:54.683+0000] {local_task_job_runner.py:240} INFO - Task exited with return code 0
[2025-08-14T00:44:54.713+0000] {taskinstance.py:3503} INFO - 1 downstream tasks scheduled from follow-on schedule check
[2025-08-14T00:44:54.716+0000] {local_task_job_runner.py:222} INFO - ::endgroup::
