[2025-08-09T19:53:12.321+0000] {local_task_job_runner.py:120} INFO - ::group::Pre task execution logs
[2025-08-09T19:53:12.365+0000] {taskinstance.py:2076} INFO - Dependencies all met for dep_context=non-requeueable deps ti=<TaskInstance: xrs_update_12h.update_swpc_recent manual__2025-08-09T19:53:05+00:00 [queued]>
[2025-08-09T19:53:12.375+0000] {taskinstance.py:2076} INFO - Dependencies all met for dep_context=requeueable deps ti=<TaskInstance: xrs_update_12h.update_swpc_recent manual__2025-08-09T19:53:05+00:00 [queued]>
[2025-08-09T19:53:12.383+0000] {taskinstance.py:2306} INFO - Starting attempt 1 of 3
[2025-08-09T19:53:12.400+0000] {taskinstance.py:2330} INFO - Executing <Task(BashOperator): update_swpc_recent> on 2025-08-09 19:53:05+00:00
[2025-08-09T19:53:12.411+0000] {standard_task_runner.py:90} INFO - Running: ['***', 'tasks', 'run', 'xrs_update_12h', 'update_swpc_recent', 'manual__2025-08-09T19:53:05+00:00', '--job-id', '67', '--raw', '--subdir', 'DAGS_FOLDER/xrs_update_daily.py', '--cfg-path', '/tmp/tmp1um_t61w']
[2025-08-09T19:53:12.414+0000] {logging_mixin.py:188} WARNING - /home/***/.local/lib/python3.12/site-packages/***/task/task_runner/standard_task_runner.py:61 DeprecationWarning: This process (pid=253) is multi-threaded, use of fork() may lead to deadlocks in the child.
[2025-08-09T19:53:12.414+0000] {standard_task_runner.py:91} INFO - Job 67: Subtask update_swpc_recent
[2025-08-09T19:53:12.415+0000] {standard_task_runner.py:63} INFO - Started process 254 to run task
[2025-08-09T19:53:12.478+0000] {task_command.py:426} INFO - Running <TaskInstance: xrs_update_12h.update_swpc_recent manual__2025-08-09T19:53:05+00:00 [running]> on host 9d4e07229e62
[2025-08-09T19:53:13.636+0000] {taskinstance.py:2648} INFO - Exporting env vars: AIRFLOW_CTX_DAG_OWNER='you' AIRFLOW_CTX_DAG_ID='xrs_update_12h' AIRFLOW_CTX_TASK_ID='update_swpc_recent' AIRFLOW_CTX_EXECUTION_DATE='2025-08-09T19:53:05+00:00' AIRFLOW_CTX_TRY_NUMBER='1' AIRFLOW_CTX_DAG_RUN_ID='manual__2025-08-09T19:53:05+00:00'
[2025-08-09T19:53:13.638+0000] {taskinstance.py:430} INFO - ::endgroup::
[2025-08-09T19:53:15.949+0000] {subprocess.py:63} INFO - Tmp dir root location: /tmp
[2025-08-09T19:53:15.952+0000] {subprocess.py:75} INFO - Running command: ['/usr/bin/bash', '-c', 'python /opt/project/src/data/xrs_update.py --mode update --since-minutes 20160 --keep-days 180']
[2025-08-09T19:53:15.967+0000] {subprocess.py:86} INFO - Output:
[2025-08-09T19:53:18.157+0000] {subprocess.py:93} INFO - [INFO] retention applied: >= 2025-02-10 19:53:18.133371+00:00
[2025-08-09T19:53:18.158+0000] {subprocess.py:93} INFO - {"merged_rows_total": 10078, "range": ["2025-08-02 19:53:00+00:00", "2025-08-09 19:50:00+00:00"]}
[2025-08-09T19:53:18.289+0000] {subprocess.py:97} INFO - Command exited with return code 0
[2025-08-09T19:53:18.291+0000] {taskinstance.py:441} INFO - ::group::Post task execution logs
[2025-08-09T19:53:18.328+0000] {taskinstance.py:1206} INFO - Marking task as SUCCESS. dag_id=xrs_update_12h, task_id=update_swpc_recent, run_id=manual__2025-08-09T19:53:05+00:00, execution_date=20250809T195305, start_date=20250809T195312, end_date=20250809T195318
[2025-08-09T19:53:18.381+0000] {local_task_job_runner.py:240} INFO - Task exited with return code 0
[2025-08-09T19:53:18.409+0000] {taskinstance.py:3503} INFO - 1 downstream tasks scheduled from follow-on schedule check
[2025-08-09T19:53:18.420+0000] {local_task_job_runner.py:222} INFO - ::endgroup::
