[2025-08-13T12:32:38.422+0000] {local_task_job_runner.py:120} INFO - ::group::Pre task execution logs
[2025-08-13T12:32:38.509+0000] {taskinstance.py:2076} INFO - Dependencies all met for dep_context=non-requeueable deps ti=<TaskInstance: solar_flares_train_12h.ensure_kernel scheduled__2025-08-13T00:05:00+00:00 [queued]>
[2025-08-13T12:32:38.524+0000] {taskinstance.py:2076} INFO - Dependencies all met for dep_context=requeueable deps ti=<TaskInstance: solar_flares_train_12h.ensure_kernel scheduled__2025-08-13T00:05:00+00:00 [queued]>
[2025-08-13T12:32:38.525+0000] {taskinstance.py:2306} INFO - Starting attempt 1 of 2
[2025-08-13T12:32:38.538+0000] {taskinstance.py:2330} INFO - Executing <Task(BashOperator): ensure_kernel> on 2025-08-13 00:05:00+00:00
[2025-08-13T12:32:38.549+0000] {standard_task_runner.py:90} INFO - Running: ['***', 'tasks', 'run', 'solar_flares_train_12h', 'ensure_kernel', 'scheduled__2025-08-13T00:05:00+00:00', '--job-id', '169', '--raw', '--subdir', 'DAGS_FOLDER/solar_flares_train_12h.py', '--cfg-path', '/tmp/tmprrqp7dtz']
[2025-08-13T12:32:38.551+0000] {standard_task_runner.py:91} INFO - Job 169: Subtask ensure_kernel
[2025-08-13T12:32:38.551+0000] {logging_mixin.py:188} WARNING - /home/***/.local/lib/python3.12/site-packages/***/task/task_runner/standard_task_runner.py:61 DeprecationWarning: This process (pid=6354) is multi-threaded, use of fork() may lead to deadlocks in the child.
[2025-08-13T12:32:38.552+0000] {standard_task_runner.py:63} INFO - Started process 6355 to run task
[2025-08-13T12:32:38.610+0000] {task_command.py:426} INFO - Running <TaskInstance: solar_flares_train_12h.ensure_kernel scheduled__2025-08-13T00:05:00+00:00 [running]> on host def4e694b617
[2025-08-13T12:32:38.714+0000] {taskinstance.py:2648} INFO - Exporting env vars: AIRFLOW_CTX_DAG_OWNER='you' AIRFLOW_CTX_DAG_ID='solar_flares_train_12h' AIRFLOW_CTX_TASK_ID='ensure_kernel' AIRFLOW_CTX_EXECUTION_DATE='2025-08-13T00:05:00+00:00' AIRFLOW_CTX_TRY_NUMBER='1' AIRFLOW_CTX_DAG_RUN_ID='scheduled__2025-08-13T00:05:00+00:00'
[2025-08-13T12:32:38.715+0000] {taskinstance.py:430} INFO - ::endgroup::
[2025-08-13T12:32:38.726+0000] {subprocess.py:63} INFO - Tmp dir root location: /tmp
[2025-08-13T12:32:38.728+0000] {subprocess.py:75} INFO - Running command: ['/usr/bin/bash', '-c', '\nset -e\nHOME=/home/***\npython -c "import ipykernel" 2>/dev/null || pip install --no-cache-dir ipykernel==6.29.5\npython -m ipykernel install --user --name *** --display-name \'Python 3 (Airflow)\'\nKDIR="$HOME/.local/share/jupyter/kernels/***"\nmkdir -p "$KDIR"\nPYBIN="$(command -v python)"\ncat > "$KDIR/kernel.json" <<JSON\n{"argv":["$PYBIN","-Xfrozen_modules=off","-m","ipykernel_launcher","-f","{connection_file}"],\n "display_name":"Python 3 (Airflow)","language":"python"}\nJSON\necho "Kernel *** ready: $KDIR"']
[2025-08-13T12:32:38.741+0000] {subprocess.py:86} INFO - Output:
[2025-08-14T00:43:09.268+0000] {subprocess.py:93} INFO - Installed kernelspec *** in /home/***/.local/share/jupyter/kernels/***
[2025-08-14T00:43:09.588+0000] {subprocess.py:93} INFO - Kernel *** ready: /home/***/.local/share/jupyter/kernels/***
[2025-08-14T00:43:09.592+0000] {subprocess.py:97} INFO - Command exited with return code 0
[2025-08-14T00:43:09.616+0000] {taskinstance.py:441} INFO - ::group::Post task execution logs
[2025-08-14T00:43:09.687+0000] {taskinstance.py:1206} INFO - Marking task as SUCCESS. dag_id=solar_flares_train_12h, task_id=ensure_kernel, run_id=scheduled__2025-08-13T00:05:00+00:00, execution_date=20250813T000500, start_date=20250813T123238, end_date=20250814T004309
[2025-08-14T00:43:09.756+0000] {local_task_job_runner.py:240} INFO - Task exited with return code 0
[2025-08-14T00:43:09.813+0000] {taskinstance.py:3503} INFO - 1 downstream tasks scheduled from follow-on schedule check
[2025-08-14T00:43:09.818+0000] {local_task_job_runner.py:222} INFO - ::endgroup::
