[2025-08-09T15:01:01.848+0000] {processor.py:161} INFO - Started process (PID=172) to work on /opt/airflow/dags/ingest_xrs.py
[2025-08-09T15:01:01.850+0000] {processor.py:830} INFO - Processing file /opt/airflow/dags/ingest_xrs.py for tasks to queue
[2025-08-09T15:01:01.852+0000] {logging_mixin.py:188} INFO - [2025-08-09T15:01:01.851+0000] {dagbag.py:545} INFO - Filling up the DagBag from /opt/airflow/dags/ingest_xrs.py
[2025-08-09T15:01:01.881+0000] {processor.py:840} INFO - DAG(s) 'solar_flares_realtime' retrieved from /opt/airflow/dags/ingest_xrs.py
[2025-08-09T15:01:01.914+0000] {logging_mixin.py:188} INFO - [2025-08-09T15:01:01.914+0000] {dag.py:3096} INFO - Sync 1 DAGs
[2025-08-09T15:01:01.939+0000] {logging_mixin.py:188} INFO - [2025-08-09T15:01:01.939+0000] {dag.py:3954} INFO - Setting next_dagrun for solar_flares_realtime to 2025-08-09 14:55:00+00:00, run_after=2025-08-09 15:00:00+00:00
[2025-08-09T15:01:01.960+0000] {processor.py:183} INFO - Processing /opt/airflow/dags/ingest_xrs.py took 0.117 seconds
[2025-08-09T15:01:32.245+0000] {processor.py:161} INFO - Started process (PID=177) to work on /opt/airflow/dags/ingest_xrs.py
[2025-08-09T15:01:32.246+0000] {processor.py:830} INFO - Processing file /opt/airflow/dags/ingest_xrs.py for tasks to queue
[2025-08-09T15:01:32.248+0000] {logging_mixin.py:188} INFO - [2025-08-09T15:01:32.248+0000] {dagbag.py:545} INFO - Filling up the DagBag from /opt/airflow/dags/ingest_xrs.py
[2025-08-09T15:01:32.268+0000] {processor.py:840} INFO - DAG(s) 'solar_flares_realtime' retrieved from /opt/airflow/dags/ingest_xrs.py
[2025-08-09T15:01:32.467+0000] {logging_mixin.py:188} INFO - [2025-08-09T15:01:32.467+0000] {dag.py:3096} INFO - Sync 1 DAGs
[2025-08-09T15:01:32.483+0000] {logging_mixin.py:188} INFO - [2025-08-09T15:01:32.483+0000] {dag.py:3954} INFO - Setting next_dagrun for solar_flares_realtime to 2025-08-09 14:55:00+00:00, run_after=2025-08-09 15:00:00+00:00
[2025-08-09T15:01:32.500+0000] {processor.py:183} INFO - Processing /opt/airflow/dags/ingest_xrs.py took 0.261 seconds
[2025-08-09T15:02:03.195+0000] {processor.py:161} INFO - Started process (PID=182) to work on /opt/airflow/dags/ingest_xrs.py
[2025-08-09T15:02:03.196+0000] {processor.py:830} INFO - Processing file /opt/airflow/dags/ingest_xrs.py for tasks to queue
[2025-08-09T15:02:03.198+0000] {logging_mixin.py:188} INFO - [2025-08-09T15:02:03.197+0000] {dagbag.py:545} INFO - Filling up the DagBag from /opt/airflow/dags/ingest_xrs.py
[2025-08-09T15:02:03.218+0000] {processor.py:840} INFO - DAG(s) 'solar_flares_realtime' retrieved from /opt/airflow/dags/ingest_xrs.py
[2025-08-09T15:02:03.252+0000] {logging_mixin.py:188} INFO - [2025-08-09T15:02:03.252+0000] {dag.py:3096} INFO - Sync 1 DAGs
[2025-08-09T15:02:03.277+0000] {logging_mixin.py:188} INFO - [2025-08-09T15:02:03.276+0000] {dag.py:3954} INFO - Setting next_dagrun for solar_flares_realtime to 2025-08-09 14:55:00+00:00, run_after=2025-08-09 15:00:00+00:00
[2025-08-09T15:02:03.296+0000] {processor.py:183} INFO - Processing /opt/airflow/dags/ingest_xrs.py took 0.107 seconds
[2025-08-09T15:02:36.066+0000] {processor.py:161} INFO - Started process (PID=187) to work on /opt/airflow/dags/ingest_xrs.py
[2025-08-09T15:02:36.068+0000] {processor.py:830} INFO - Processing file /opt/airflow/dags/ingest_xrs.py for tasks to queue
[2025-08-09T15:02:36.070+0000] {logging_mixin.py:188} INFO - [2025-08-09T15:02:36.070+0000] {dagbag.py:545} INFO - Filling up the DagBag from /opt/airflow/dags/ingest_xrs.py
[2025-08-09T15:02:36.089+0000] {processor.py:840} INFO - DAG(s) 'solar_flares_realtime' retrieved from /opt/airflow/dags/ingest_xrs.py
[2025-08-09T15:02:36.123+0000] {logging_mixin.py:188} INFO - [2025-08-09T15:02:36.123+0000] {dag.py:3096} INFO - Sync 1 DAGs
[2025-08-09T15:02:36.147+0000] {logging_mixin.py:188} INFO - [2025-08-09T15:02:36.147+0000] {dag.py:3954} INFO - Setting next_dagrun for solar_flares_realtime to 2025-08-09 14:55:00+00:00, run_after=2025-08-09 15:00:00+00:00
[2025-08-09T15:02:36.165+0000] {processor.py:183} INFO - Processing /opt/airflow/dags/ingest_xrs.py took 0.105 seconds
[2025-08-09T15:03:08.875+0000] {processor.py:161} INFO - Started process (PID=192) to work on /opt/airflow/dags/ingest_xrs.py
[2025-08-09T15:03:08.876+0000] {processor.py:830} INFO - Processing file /opt/airflow/dags/ingest_xrs.py for tasks to queue
[2025-08-09T15:03:08.878+0000] {logging_mixin.py:188} INFO - [2025-08-09T15:03:08.877+0000] {dagbag.py:545} INFO - Filling up the DagBag from /opt/airflow/dags/ingest_xrs.py
[2025-08-09T15:03:08.891+0000] {processor.py:840} INFO - DAG(s) 'solar_flares_realtime' retrieved from /opt/airflow/dags/ingest_xrs.py
[2025-08-09T15:03:08.916+0000] {logging_mixin.py:188} INFO - [2025-08-09T15:03:08.916+0000] {dag.py:3096} INFO - Sync 1 DAGs
[2025-08-09T15:03:08.934+0000] {logging_mixin.py:188} INFO - [2025-08-09T15:03:08.934+0000] {dag.py:3954} INFO - Setting next_dagrun for solar_flares_realtime to 2025-08-09 14:55:00+00:00, run_after=2025-08-09 15:00:00+00:00
[2025-08-09T15:03:08.950+0000] {processor.py:183} INFO - Processing /opt/airflow/dags/ingest_xrs.py took 0.080 seconds
[2025-08-09T15:03:41.557+0000] {processor.py:161} INFO - Started process (PID=197) to work on /opt/airflow/dags/ingest_xrs.py
[2025-08-09T15:03:41.558+0000] {processor.py:830} INFO - Processing file /opt/airflow/dags/ingest_xrs.py for tasks to queue
[2025-08-09T15:03:41.559+0000] {logging_mixin.py:188} INFO - [2025-08-09T15:03:41.559+0000] {dagbag.py:545} INFO - Filling up the DagBag from /opt/airflow/dags/ingest_xrs.py
[2025-08-09T15:03:41.579+0000] {processor.py:840} INFO - DAG(s) 'solar_flares_realtime' retrieved from /opt/airflow/dags/ingest_xrs.py
[2025-08-09T15:03:41.594+0000] {logging_mixin.py:188} INFO - [2025-08-09T15:03:41.594+0000] {dag.py:3096} INFO - Sync 1 DAGs
[2025-08-09T15:03:41.616+0000] {logging_mixin.py:188} INFO - [2025-08-09T15:03:41.615+0000] {dag.py:3954} INFO - Setting next_dagrun for solar_flares_realtime to 2025-08-09 14:55:00+00:00, run_after=2025-08-09 15:00:00+00:00
[2025-08-09T15:03:41.636+0000] {processor.py:183} INFO - Processing /opt/airflow/dags/ingest_xrs.py took 0.085 seconds
[2025-08-09T15:04:13.296+0000] {processor.py:161} INFO - Started process (PID=221) to work on /opt/airflow/dags/ingest_xrs.py
[2025-08-09T15:04:13.297+0000] {processor.py:830} INFO - Processing file /opt/airflow/dags/ingest_xrs.py for tasks to queue
[2025-08-09T15:04:13.298+0000] {logging_mixin.py:188} INFO - [2025-08-09T15:04:13.298+0000] {dagbag.py:545} INFO - Filling up the DagBag from /opt/airflow/dags/ingest_xrs.py
[2025-08-09T15:04:13.313+0000] {processor.py:840} INFO - DAG(s) 'solar_flares_realtime' retrieved from /opt/airflow/dags/ingest_xrs.py
[2025-08-09T15:04:13.325+0000] {logging_mixin.py:188} INFO - [2025-08-09T15:04:13.325+0000] {dag.py:3096} INFO - Sync 1 DAGs
[2025-08-09T15:04:13.356+0000] {processor.py:183} INFO - Processing /opt/airflow/dags/ingest_xrs.py took 0.065 seconds
[2025-08-09T15:04:45.935+0000] {processor.py:161} INFO - Started process (PID=303) to work on /opt/airflow/dags/ingest_xrs.py
[2025-08-09T15:04:45.935+0000] {processor.py:830} INFO - Processing file /opt/airflow/dags/ingest_xrs.py for tasks to queue
[2025-08-09T15:04:45.937+0000] {logging_mixin.py:188} INFO - [2025-08-09T15:04:45.936+0000] {dagbag.py:545} INFO - Filling up the DagBag from /opt/airflow/dags/ingest_xrs.py
[2025-08-09T15:04:45.951+0000] {processor.py:840} INFO - DAG(s) 'solar_flares_realtime' retrieved from /opt/airflow/dags/ingest_xrs.py
[2025-08-09T15:04:46.041+0000] {logging_mixin.py:188} INFO - [2025-08-09T15:04:46.040+0000] {dag.py:3096} INFO - Sync 1 DAGs
[2025-08-09T15:04:46.057+0000] {logging_mixin.py:188} INFO - [2025-08-09T15:04:46.057+0000] {dag.py:3954} INFO - Setting next_dagrun for solar_flares_realtime to 2025-08-09 15:00:00+00:00, run_after=2025-08-09 15:05:00+00:00
[2025-08-09T15:04:46.077+0000] {processor.py:183} INFO - Processing /opt/airflow/dags/ingest_xrs.py took 0.147 seconds
[2025-08-09T15:05:18.619+0000] {processor.py:161} INFO - Started process (PID=405) to work on /opt/airflow/dags/ingest_xrs.py
[2025-08-09T15:05:18.620+0000] {processor.py:830} INFO - Processing file /opt/airflow/dags/ingest_xrs.py for tasks to queue
[2025-08-09T15:05:18.622+0000] {logging_mixin.py:188} INFO - [2025-08-09T15:05:18.622+0000] {dagbag.py:545} INFO - Filling up the DagBag from /opt/airflow/dags/ingest_xrs.py
[2025-08-09T15:05:18.636+0000] {processor.py:840} INFO - DAG(s) 'solar_flares_realtime' retrieved from /opt/airflow/dags/ingest_xrs.py
[2025-08-09T15:05:18.664+0000] {logging_mixin.py:188} INFO - [2025-08-09T15:05:18.664+0000] {dag.py:3096} INFO - Sync 1 DAGs
[2025-08-09T15:05:18.682+0000] {logging_mixin.py:188} INFO - [2025-08-09T15:05:18.682+0000] {dag.py:3954} INFO - Setting next_dagrun for solar_flares_realtime to 2025-08-09 15:05:00+00:00, run_after=2025-08-09 15:10:00+00:00
[2025-08-09T15:05:18.697+0000] {processor.py:183} INFO - Processing /opt/airflow/dags/ingest_xrs.py took 0.082 seconds
[2025-08-09T15:05:51.304+0000] {processor.py:161} INFO - Started process (PID=410) to work on /opt/airflow/dags/ingest_xrs.py
[2025-08-09T15:05:51.305+0000] {processor.py:830} INFO - Processing file /opt/airflow/dags/ingest_xrs.py for tasks to queue
[2025-08-09T15:05:51.306+0000] {logging_mixin.py:188} INFO - [2025-08-09T15:05:51.306+0000] {dagbag.py:545} INFO - Filling up the DagBag from /opt/airflow/dags/ingest_xrs.py
[2025-08-09T15:05:51.321+0000] {processor.py:840} INFO - DAG(s) 'solar_flares_realtime' retrieved from /opt/airflow/dags/ingest_xrs.py
[2025-08-09T15:05:51.346+0000] {logging_mixin.py:188} INFO - [2025-08-09T15:05:51.346+0000] {dag.py:3096} INFO - Sync 1 DAGs
[2025-08-09T15:05:51.364+0000] {logging_mixin.py:188} INFO - [2025-08-09T15:05:51.363+0000] {dag.py:3954} INFO - Setting next_dagrun for solar_flares_realtime to 2025-08-09 15:05:00+00:00, run_after=2025-08-09 15:10:00+00:00
[2025-08-09T15:05:51.378+0000] {processor.py:183} INFO - Processing /opt/airflow/dags/ingest_xrs.py took 0.079 seconds
[2025-08-09T15:06:24.016+0000] {processor.py:161} INFO - Started process (PID=415) to work on /opt/airflow/dags/ingest_xrs.py
[2025-08-09T15:06:24.017+0000] {processor.py:830} INFO - Processing file /opt/airflow/dags/ingest_xrs.py for tasks to queue
[2025-08-09T15:06:24.019+0000] {logging_mixin.py:188} INFO - [2025-08-09T15:06:24.019+0000] {dagbag.py:545} INFO - Filling up the DagBag from /opt/airflow/dags/ingest_xrs.py
[2025-08-09T15:06:24.038+0000] {processor.py:840} INFO - DAG(s) 'solar_flares_realtime' retrieved from /opt/airflow/dags/ingest_xrs.py
[2025-08-09T15:06:24.068+0000] {logging_mixin.py:188} INFO - [2025-08-09T15:06:24.067+0000] {dag.py:3096} INFO - Sync 1 DAGs
[2025-08-09T15:06:24.089+0000] {logging_mixin.py:188} INFO - [2025-08-09T15:06:24.089+0000] {dag.py:3954} INFO - Setting next_dagrun for solar_flares_realtime to 2025-08-09 15:05:00+00:00, run_after=2025-08-09 15:10:00+00:00
[2025-08-09T15:06:24.108+0000] {processor.py:183} INFO - Processing /opt/airflow/dags/ingest_xrs.py took 0.097 seconds
[2025-08-09T15:06:56.647+0000] {processor.py:161} INFO - Started process (PID=420) to work on /opt/airflow/dags/ingest_xrs.py
[2025-08-09T15:06:56.648+0000] {processor.py:830} INFO - Processing file /opt/airflow/dags/ingest_xrs.py for tasks to queue
[2025-08-09T15:06:56.650+0000] {logging_mixin.py:188} INFO - [2025-08-09T15:06:56.649+0000] {dagbag.py:545} INFO - Filling up the DagBag from /opt/airflow/dags/ingest_xrs.py
[2025-08-09T15:06:56.668+0000] {processor.py:840} INFO - DAG(s) 'solar_flares_realtime' retrieved from /opt/airflow/dags/ingest_xrs.py
[2025-08-09T15:06:56.697+0000] {logging_mixin.py:188} INFO - [2025-08-09T15:06:56.696+0000] {dag.py:3096} INFO - Sync 1 DAGs
[2025-08-09T15:06:56.718+0000] {logging_mixin.py:188} INFO - [2025-08-09T15:06:56.718+0000] {dag.py:3954} INFO - Setting next_dagrun for solar_flares_realtime to 2025-08-09 15:05:00+00:00, run_after=2025-08-09 15:10:00+00:00
[2025-08-09T15:06:56.735+0000] {processor.py:183} INFO - Processing /opt/airflow/dags/ingest_xrs.py took 0.093 seconds
[2025-08-09T15:07:28.316+0000] {processor.py:161} INFO - Started process (PID=431) to work on /opt/airflow/dags/ingest_xrs.py
[2025-08-09T15:07:28.317+0000] {processor.py:830} INFO - Processing file /opt/airflow/dags/ingest_xrs.py for tasks to queue
[2025-08-09T15:07:28.319+0000] {logging_mixin.py:188} INFO - [2025-08-09T15:07:28.318+0000] {dagbag.py:545} INFO - Filling up the DagBag from /opt/airflow/dags/ingest_xrs.py
[2025-08-09T15:07:28.340+0000] {processor.py:840} INFO - DAG(s) 'solar_flares_realtime' retrieved from /opt/airflow/dags/ingest_xrs.py
[2025-08-09T15:07:28.370+0000] {logging_mixin.py:188} INFO - [2025-08-09T15:07:28.370+0000] {dag.py:3096} INFO - Sync 1 DAGs
[2025-08-09T15:07:28.392+0000] {logging_mixin.py:188} INFO - [2025-08-09T15:07:28.392+0000] {dag.py:3954} INFO - Setting next_dagrun for solar_flares_realtime to 2025-08-09 15:05:00+00:00, run_after=2025-08-09 15:10:00+00:00
[2025-08-09T15:07:28.410+0000] {processor.py:183} INFO - Processing /opt/airflow/dags/ingest_xrs.py took 0.101 seconds
[2025-08-09T15:08:00.971+0000] {processor.py:161} INFO - Started process (PID=458) to work on /opt/airflow/dags/ingest_xrs.py
[2025-08-09T15:08:00.972+0000] {processor.py:830} INFO - Processing file /opt/airflow/dags/ingest_xrs.py for tasks to queue
[2025-08-09T15:08:00.973+0000] {logging_mixin.py:188} INFO - [2025-08-09T15:08:00.973+0000] {dagbag.py:545} INFO - Filling up the DagBag from /opt/airflow/dags/ingest_xrs.py
[2025-08-09T15:08:00.988+0000] {processor.py:840} INFO - DAG(s) 'solar_flares_realtime' retrieved from /opt/airflow/dags/ingest_xrs.py
[2025-08-09T15:08:01.012+0000] {logging_mixin.py:188} INFO - [2025-08-09T15:08:01.012+0000] {dag.py:3096} INFO - Sync 1 DAGs
[2025-08-09T15:08:01.028+0000] {logging_mixin.py:188} INFO - [2025-08-09T15:08:01.027+0000] {dag.py:3954} INFO - Setting next_dagrun for solar_flares_realtime to 2025-08-09 15:05:00+00:00, run_after=2025-08-09 15:10:00+00:00
[2025-08-09T15:08:01.041+0000] {processor.py:183} INFO - Processing /opt/airflow/dags/ingest_xrs.py took 0.075 seconds
[2025-08-09T15:08:33.700+0000] {processor.py:161} INFO - Started process (PID=463) to work on /opt/airflow/dags/ingest_xrs.py
[2025-08-09T15:08:33.701+0000] {processor.py:830} INFO - Processing file /opt/airflow/dags/ingest_xrs.py for tasks to queue
[2025-08-09T15:08:33.702+0000] {logging_mixin.py:188} INFO - [2025-08-09T15:08:33.702+0000] {dagbag.py:545} INFO - Filling up the DagBag from /opt/airflow/dags/ingest_xrs.py
[2025-08-09T15:08:33.719+0000] {processor.py:840} INFO - DAG(s) 'solar_flares_realtime' retrieved from /opt/airflow/dags/ingest_xrs.py
[2025-08-09T15:08:33.748+0000] {logging_mixin.py:188} INFO - [2025-08-09T15:08:33.748+0000] {dag.py:3096} INFO - Sync 1 DAGs
[2025-08-09T15:08:33.772+0000] {logging_mixin.py:188} INFO - [2025-08-09T15:08:33.771+0000] {dag.py:3954} INFO - Setting next_dagrun for solar_flares_realtime to 2025-08-09 15:05:00+00:00, run_after=2025-08-09 15:10:00+00:00
[2025-08-09T15:08:33.787+0000] {processor.py:183} INFO - Processing /opt/airflow/dags/ingest_xrs.py took 0.092 seconds
[2025-08-09T15:09:05.923+0000] {processor.py:161} INFO - Started process (PID=523) to work on /opt/airflow/dags/ingest_xrs.py
[2025-08-09T15:09:05.924+0000] {processor.py:830} INFO - Processing file /opt/airflow/dags/ingest_xrs.py for tasks to queue
[2025-08-09T15:09:05.927+0000] {logging_mixin.py:188} INFO - [2025-08-09T15:09:05.926+0000] {dagbag.py:545} INFO - Filling up the DagBag from /opt/airflow/dags/ingest_xrs.py
[2025-08-09T15:09:05.949+0000] {processor.py:840} INFO - DAG(s) 'solar_flares_realtime' retrieved from /opt/airflow/dags/ingest_xrs.py
[2025-08-09T15:09:05.976+0000] {logging_mixin.py:188} INFO - [2025-08-09T15:09:05.975+0000] {dag.py:3096} INFO - Sync 1 DAGs
[2025-08-09T15:09:05.994+0000] {logging_mixin.py:188} INFO - [2025-08-09T15:09:05.994+0000] {dag.py:3954} INFO - Setting next_dagrun for solar_flares_realtime to 2025-08-09 15:05:00+00:00, run_after=2025-08-09 15:10:00+00:00
[2025-08-09T15:09:06.008+0000] {processor.py:183} INFO - Processing /opt/airflow/dags/ingest_xrs.py took 0.092 seconds
[2025-08-09T15:09:38.542+0000] {processor.py:161} INFO - Started process (PID=528) to work on /opt/airflow/dags/ingest_xrs.py
[2025-08-09T15:09:38.543+0000] {processor.py:830} INFO - Processing file /opt/airflow/dags/ingest_xrs.py for tasks to queue
[2025-08-09T15:09:38.546+0000] {logging_mixin.py:188} INFO - [2025-08-09T15:09:38.545+0000] {dagbag.py:545} INFO - Filling up the DagBag from /opt/airflow/dags/ingest_xrs.py
[2025-08-09T15:09:38.572+0000] {processor.py:840} INFO - DAG(s) 'solar_flares_realtime' retrieved from /opt/airflow/dags/ingest_xrs.py
[2025-08-09T15:09:38.601+0000] {logging_mixin.py:188} INFO - [2025-08-09T15:09:38.600+0000] {dag.py:3096} INFO - Sync 1 DAGs
[2025-08-09T15:09:38.622+0000] {logging_mixin.py:188} INFO - [2025-08-09T15:09:38.622+0000] {dag.py:3954} INFO - Setting next_dagrun for solar_flares_realtime to 2025-08-09 15:05:00+00:00, run_after=2025-08-09 15:10:00+00:00
[2025-08-09T15:09:38.644+0000] {processor.py:183} INFO - Processing /opt/airflow/dags/ingest_xrs.py took 0.110 seconds
[2025-08-09T15:10:10.509+0000] {processor.py:161} INFO - Started process (PID=645) to work on /opt/airflow/dags/ingest_xrs.py
[2025-08-09T15:10:10.510+0000] {processor.py:830} INFO - Processing file /opt/airflow/dags/ingest_xrs.py for tasks to queue
[2025-08-09T15:10:10.512+0000] {logging_mixin.py:188} INFO - [2025-08-09T15:10:10.511+0000] {dagbag.py:545} INFO - Filling up the DagBag from /opt/airflow/dags/ingest_xrs.py
[2025-08-09T15:10:10.527+0000] {processor.py:840} INFO - DAG(s) 'solar_flares_realtime' retrieved from /opt/airflow/dags/ingest_xrs.py
[2025-08-09T15:10:10.556+0000] {logging_mixin.py:188} INFO - [2025-08-09T15:10:10.556+0000] {dag.py:3096} INFO - Sync 1 DAGs
[2025-08-09T15:10:10.585+0000] {processor.py:183} INFO - Processing /opt/airflow/dags/ingest_xrs.py took 0.084 seconds
[2025-08-09T15:10:43.386+0000] {processor.py:161} INFO - Started process (PID=657) to work on /opt/airflow/dags/ingest_xrs.py
[2025-08-09T15:10:43.387+0000] {processor.py:830} INFO - Processing file /opt/airflow/dags/ingest_xrs.py for tasks to queue
[2025-08-09T15:10:43.390+0000] {logging_mixin.py:188} INFO - [2025-08-09T15:10:43.389+0000] {dagbag.py:545} INFO - Filling up the DagBag from /opt/airflow/dags/ingest_xrs.py
[2025-08-09T15:10:43.415+0000] {processor.py:840} INFO - DAG(s) 'solar_flares_realtime' retrieved from /opt/airflow/dags/ingest_xrs.py
[2025-08-09T15:10:43.458+0000] {logging_mixin.py:188} INFO - [2025-08-09T15:10:43.457+0000] {dag.py:3096} INFO - Sync 1 DAGs
[2025-08-09T15:10:43.511+0000] {logging_mixin.py:188} INFO - [2025-08-09T15:10:43.510+0000] {dag.py:3954} INFO - Setting next_dagrun for solar_flares_realtime to 2025-08-09 15:10:00+00:00, run_after=2025-08-09 15:15:00+00:00
[2025-08-09T15:10:43.531+0000] {processor.py:183} INFO - Processing /opt/airflow/dags/ingest_xrs.py took 0.157 seconds
[2025-08-09T15:11:15.889+0000] {processor.py:161} INFO - Started process (PID=662) to work on /opt/airflow/dags/ingest_xrs.py
[2025-08-09T15:11:15.890+0000] {processor.py:830} INFO - Processing file /opt/airflow/dags/ingest_xrs.py for tasks to queue
[2025-08-09T15:11:15.893+0000] {logging_mixin.py:188} INFO - [2025-08-09T15:11:15.893+0000] {dagbag.py:545} INFO - Filling up the DagBag from /opt/airflow/dags/ingest_xrs.py
[2025-08-09T15:11:15.913+0000] {processor.py:840} INFO - DAG(s) 'solar_flares_realtime' retrieved from /opt/airflow/dags/ingest_xrs.py
[2025-08-09T15:11:15.947+0000] {logging_mixin.py:188} INFO - [2025-08-09T15:11:15.946+0000] {dag.py:3096} INFO - Sync 1 DAGs
[2025-08-09T15:11:15.988+0000] {logging_mixin.py:188} INFO - [2025-08-09T15:11:15.988+0000] {dag.py:3954} INFO - Setting next_dagrun for solar_flares_realtime to 2025-08-09 15:10:00+00:00, run_after=2025-08-09 15:15:00+00:00
[2025-08-09T15:11:16.011+0000] {processor.py:183} INFO - Processing /opt/airflow/dags/ingest_xrs.py took 0.131 seconds
[2025-08-09T15:11:48.579+0000] {processor.py:161} INFO - Started process (PID=708) to work on /opt/airflow/dags/ingest_xrs.py
[2025-08-09T15:11:48.580+0000] {processor.py:830} INFO - Processing file /opt/airflow/dags/ingest_xrs.py for tasks to queue
[2025-08-09T15:11:48.582+0000] {logging_mixin.py:188} INFO - [2025-08-09T15:11:48.582+0000] {dagbag.py:545} INFO - Filling up the DagBag from /opt/airflow/dags/ingest_xrs.py
[2025-08-09T15:11:48.606+0000] {processor.py:840} INFO - DAG(s) 'solar_flares_realtime' retrieved from /opt/airflow/dags/ingest_xrs.py
[2025-08-09T15:11:48.639+0000] {logging_mixin.py:188} INFO - [2025-08-09T15:11:48.638+0000] {dag.py:3096} INFO - Sync 1 DAGs
[2025-08-09T15:11:48.666+0000] {logging_mixin.py:188} INFO - [2025-08-09T15:11:48.666+0000] {dag.py:3954} INFO - Setting next_dagrun for solar_flares_realtime to 2025-08-09 15:10:00+00:00, run_after=2025-08-09 15:15:00+00:00
[2025-08-09T15:11:48.691+0000] {processor.py:183} INFO - Processing /opt/airflow/dags/ingest_xrs.py took 0.121 seconds
[2025-08-09T15:12:21.311+0000] {processor.py:161} INFO - Started process (PID=713) to work on /opt/airflow/dags/ingest_xrs.py
[2025-08-09T15:12:21.312+0000] {processor.py:830} INFO - Processing file /opt/airflow/dags/ingest_xrs.py for tasks to queue
[2025-08-09T15:12:21.315+0000] {logging_mixin.py:188} INFO - [2025-08-09T15:12:21.315+0000] {dagbag.py:545} INFO - Filling up the DagBag from /opt/airflow/dags/ingest_xrs.py
[2025-08-09T15:12:21.333+0000] {processor.py:840} INFO - DAG(s) 'solar_flares_realtime' retrieved from /opt/airflow/dags/ingest_xrs.py
[2025-08-09T15:12:21.370+0000] {logging_mixin.py:188} INFO - [2025-08-09T15:12:21.370+0000] {dag.py:3096} INFO - Sync 1 DAGs
[2025-08-09T15:12:21.393+0000] {logging_mixin.py:188} INFO - [2025-08-09T15:12:21.393+0000] {dag.py:3954} INFO - Setting next_dagrun for solar_flares_realtime to 2025-08-09 15:10:00+00:00, run_after=2025-08-09 15:15:00+00:00
[2025-08-09T15:12:21.413+0000] {processor.py:183} INFO - Processing /opt/airflow/dags/ingest_xrs.py took 0.110 seconds
[2025-08-09T15:12:53.091+0000] {processor.py:161} INFO - Started process (PID=718) to work on /opt/airflow/dags/ingest_xrs.py
[2025-08-09T15:12:53.092+0000] {processor.py:830} INFO - Processing file /opt/airflow/dags/ingest_xrs.py for tasks to queue
[2025-08-09T15:12:53.095+0000] {logging_mixin.py:188} INFO - [2025-08-09T15:12:53.094+0000] {dagbag.py:545} INFO - Filling up the DagBag from /opt/airflow/dags/ingest_xrs.py
[2025-08-09T15:12:53.113+0000] {processor.py:840} INFO - DAG(s) 'solar_flares_realtime' retrieved from /opt/airflow/dags/ingest_xrs.py
[2025-08-09T15:12:53.144+0000] {logging_mixin.py:188} INFO - [2025-08-09T15:12:53.144+0000] {dag.py:3096} INFO - Sync 1 DAGs
[2025-08-09T15:12:53.164+0000] {logging_mixin.py:188} INFO - [2025-08-09T15:12:53.163+0000] {dag.py:3954} INFO - Setting next_dagrun for solar_flares_realtime to 2025-08-09 15:10:00+00:00, run_after=2025-08-09 15:15:00+00:00
[2025-08-09T15:12:53.182+0000] {processor.py:183} INFO - Processing /opt/airflow/dags/ingest_xrs.py took 0.099 seconds
[2025-08-09T15:13:25.810+0000] {processor.py:161} INFO - Started process (PID=723) to work on /opt/airflow/dags/ingest_xrs.py
[2025-08-09T15:13:25.811+0000] {processor.py:830} INFO - Processing file /opt/airflow/dags/ingest_xrs.py for tasks to queue
[2025-08-09T15:13:25.813+0000] {logging_mixin.py:188} INFO - [2025-08-09T15:13:25.813+0000] {dagbag.py:545} INFO - Filling up the DagBag from /opt/airflow/dags/ingest_xrs.py
[2025-08-09T15:13:25.831+0000] {processor.py:840} INFO - DAG(s) 'solar_flares_realtime' retrieved from /opt/airflow/dags/ingest_xrs.py
[2025-08-09T15:13:25.865+0000] {logging_mixin.py:188} INFO - [2025-08-09T15:13:25.865+0000] {dag.py:3096} INFO - Sync 1 DAGs
[2025-08-09T15:13:25.884+0000] {logging_mixin.py:188} INFO - [2025-08-09T15:13:25.884+0000] {dag.py:3954} INFO - Setting next_dagrun for solar_flares_realtime to 2025-08-09 15:10:00+00:00, run_after=2025-08-09 15:15:00+00:00
[2025-08-09T15:13:25.899+0000] {processor.py:183} INFO - Processing /opt/airflow/dags/ingest_xrs.py took 0.096 seconds
[2025-08-09T15:13:58.830+0000] {processor.py:161} INFO - Started process (PID=728) to work on /opt/airflow/dags/ingest_xrs.py
[2025-08-09T15:13:58.831+0000] {processor.py:830} INFO - Processing file /opt/airflow/dags/ingest_xrs.py for tasks to queue
[2025-08-09T15:13:58.833+0000] {logging_mixin.py:188} INFO - [2025-08-09T15:13:58.833+0000] {dagbag.py:545} INFO - Filling up the DagBag from /opt/airflow/dags/ingest_xrs.py
[2025-08-09T15:13:58.848+0000] {processor.py:840} INFO - DAG(s) 'solar_flares_realtime' retrieved from /opt/airflow/dags/ingest_xrs.py
[2025-08-09T15:13:58.876+0000] {logging_mixin.py:188} INFO - [2025-08-09T15:13:58.876+0000] {dag.py:3096} INFO - Sync 1 DAGs
[2025-08-09T15:13:58.894+0000] {logging_mixin.py:188} INFO - [2025-08-09T15:13:58.893+0000] {dag.py:3954} INFO - Setting next_dagrun for solar_flares_realtime to 2025-08-09 15:10:00+00:00, run_after=2025-08-09 15:15:00+00:00
[2025-08-09T15:13:58.917+0000] {processor.py:183} INFO - Processing /opt/airflow/dags/ingest_xrs.py took 0.093 seconds
[2025-08-09T15:14:32.319+0000] {processor.py:161} INFO - Started process (PID=733) to work on /opt/airflow/dags/ingest_xrs.py
[2025-08-09T15:14:32.320+0000] {processor.py:830} INFO - Processing file /opt/airflow/dags/ingest_xrs.py for tasks to queue
[2025-08-09T15:14:32.322+0000] {logging_mixin.py:188} INFO - [2025-08-09T15:14:32.322+0000] {dagbag.py:545} INFO - Filling up the DagBag from /opt/airflow/dags/ingest_xrs.py
[2025-08-09T15:14:32.340+0000] {processor.py:840} INFO - DAG(s) 'solar_flares_realtime' retrieved from /opt/airflow/dags/ingest_xrs.py
[2025-08-09T15:14:32.370+0000] {logging_mixin.py:188} INFO - [2025-08-09T15:14:32.370+0000] {dag.py:3096} INFO - Sync 1 DAGs
[2025-08-09T15:14:32.392+0000] {logging_mixin.py:188} INFO - [2025-08-09T15:14:32.392+0000] {dag.py:3954} INFO - Setting next_dagrun for solar_flares_realtime to 2025-08-09 15:10:00+00:00, run_after=2025-08-09 15:15:00+00:00
[2025-08-09T15:14:32.408+0000] {processor.py:183} INFO - Processing /opt/airflow/dags/ingest_xrs.py took 0.097 seconds
[2025-08-09T15:15:02.562+0000] {processor.py:161} INFO - Started process (PID=757) to work on /opt/airflow/dags/ingest_xrs.py
[2025-08-09T15:15:02.563+0000] {processor.py:830} INFO - Processing file /opt/airflow/dags/ingest_xrs.py for tasks to queue
[2025-08-09T15:15:02.565+0000] {logging_mixin.py:188} INFO - [2025-08-09T15:15:02.565+0000] {dagbag.py:545} INFO - Filling up the DagBag from /opt/airflow/dags/ingest_xrs.py
[2025-08-09T15:15:02.602+0000] {processor.py:840} INFO - DAG(s) 'solar_flares_realtime' retrieved from /opt/airflow/dags/ingest_xrs.py
[2025-08-09T15:15:04.849+0000] {logging_mixin.py:188} INFO - [2025-08-09T15:15:04.849+0000] {dag.py:3096} INFO - Sync 1 DAGs
[2025-08-09T15:15:04.891+0000] {processor.py:183} INFO - Processing /opt/airflow/dags/ingest_xrs.py took 0.141 seconds
[2025-08-09T15:15:37.828+0000] {processor.py:161} INFO - Started process (PID=862) to work on /opt/airflow/dags/ingest_xrs.py
[2025-08-09T15:15:37.829+0000] {processor.py:830} INFO - Processing file /opt/airflow/dags/ingest_xrs.py for tasks to queue
[2025-08-09T15:15:37.831+0000] {logging_mixin.py:188} INFO - [2025-08-09T15:15:37.831+0000] {dagbag.py:545} INFO - Filling up the DagBag from /opt/airflow/dags/ingest_xrs.py
[2025-08-09T15:15:37.847+0000] {processor.py:840} INFO - DAG(s) 'solar_flares_realtime' retrieved from /opt/airflow/dags/ingest_xrs.py
[2025-08-09T15:15:37.876+0000] {logging_mixin.py:188} INFO - [2025-08-09T15:15:37.876+0000] {dag.py:3096} INFO - Sync 1 DAGs
[2025-08-09T15:15:37.895+0000] {logging_mixin.py:188} INFO - [2025-08-09T15:15:37.895+0000] {dag.py:3954} INFO - Setting next_dagrun for solar_flares_realtime to 2025-08-09 15:15:00+00:00, run_after=2025-08-09 15:20:00+00:00
[2025-08-09T15:15:37.911+0000] {processor.py:183} INFO - Processing /opt/airflow/dags/ingest_xrs.py took 0.093 seconds
[2025-08-09T15:16:10.859+0000] {processor.py:161} INFO - Started process (PID=867) to work on /opt/airflow/dags/ingest_xrs.py
[2025-08-09T15:16:10.861+0000] {processor.py:830} INFO - Processing file /opt/airflow/dags/ingest_xrs.py for tasks to queue
[2025-08-09T15:16:10.863+0000] {logging_mixin.py:188} INFO - [2025-08-09T15:16:10.863+0000] {dagbag.py:545} INFO - Filling up the DagBag from /opt/airflow/dags/ingest_xrs.py
[2025-08-09T15:16:10.882+0000] {processor.py:840} INFO - DAG(s) 'solar_flares_realtime' retrieved from /opt/airflow/dags/ingest_xrs.py
[2025-08-09T15:16:10.913+0000] {logging_mixin.py:188} INFO - [2025-08-09T15:16:10.913+0000] {dag.py:3096} INFO - Sync 1 DAGs
[2025-08-09T15:16:10.934+0000] {logging_mixin.py:188} INFO - [2025-08-09T15:16:10.934+0000] {dag.py:3954} INFO - Setting next_dagrun for solar_flares_realtime to 2025-08-09 15:15:00+00:00, run_after=2025-08-09 15:20:00+00:00
[2025-08-09T15:16:10.953+0000] {processor.py:183} INFO - Processing /opt/airflow/dags/ingest_xrs.py took 0.102 seconds
[2025-08-09T15:16:43.975+0000] {processor.py:161} INFO - Started process (PID=872) to work on /opt/airflow/dags/ingest_xrs.py
[2025-08-09T15:16:43.976+0000] {processor.py:830} INFO - Processing file /opt/airflow/dags/ingest_xrs.py for tasks to queue
[2025-08-09T15:16:43.977+0000] {logging_mixin.py:188} INFO - [2025-08-09T15:16:43.977+0000] {dagbag.py:545} INFO - Filling up the DagBag from /opt/airflow/dags/ingest_xrs.py
[2025-08-09T15:16:43.992+0000] {processor.py:840} INFO - DAG(s) 'solar_flares_realtime' retrieved from /opt/airflow/dags/ingest_xrs.py
[2025-08-09T15:16:44.021+0000] {logging_mixin.py:188} INFO - [2025-08-09T15:16:44.020+0000] {dag.py:3096} INFO - Sync 1 DAGs
[2025-08-09T15:16:44.042+0000] {logging_mixin.py:188} INFO - [2025-08-09T15:16:44.042+0000] {dag.py:3954} INFO - Setting next_dagrun for solar_flares_realtime to 2025-08-09 15:15:00+00:00, run_after=2025-08-09 15:20:00+00:00
[2025-08-09T15:16:44.059+0000] {processor.py:183} INFO - Processing /opt/airflow/dags/ingest_xrs.py took 0.091 seconds
[2025-08-09T15:17:17.049+0000] {processor.py:161} INFO - Started process (PID=877) to work on /opt/airflow/dags/ingest_xrs.py
[2025-08-09T15:17:17.050+0000] {processor.py:830} INFO - Processing file /opt/airflow/dags/ingest_xrs.py for tasks to queue
[2025-08-09T15:17:17.052+0000] {logging_mixin.py:188} INFO - [2025-08-09T15:17:17.052+0000] {dagbag.py:545} INFO - Filling up the DagBag from /opt/airflow/dags/ingest_xrs.py
[2025-08-09T15:17:17.069+0000] {processor.py:840} INFO - DAG(s) 'solar_flares_realtime' retrieved from /opt/airflow/dags/ingest_xrs.py
[2025-08-09T15:17:17.099+0000] {logging_mixin.py:188} INFO - [2025-08-09T15:17:17.098+0000] {dag.py:3096} INFO - Sync 1 DAGs
[2025-08-09T15:17:17.118+0000] {logging_mixin.py:188} INFO - [2025-08-09T15:17:17.118+0000] {dag.py:3954} INFO - Setting next_dagrun for solar_flares_realtime to 2025-08-09 15:15:00+00:00, run_after=2025-08-09 15:20:00+00:00
[2025-08-09T15:17:17.138+0000] {processor.py:183} INFO - Processing /opt/airflow/dags/ingest_xrs.py took 0.097 seconds
[2025-08-09T15:17:50.162+0000] {processor.py:161} INFO - Started process (PID=882) to work on /opt/airflow/dags/ingest_xrs.py
[2025-08-09T15:17:50.163+0000] {processor.py:830} INFO - Processing file /opt/airflow/dags/ingest_xrs.py for tasks to queue
[2025-08-09T15:17:50.165+0000] {logging_mixin.py:188} INFO - [2025-08-09T15:17:50.165+0000] {dagbag.py:545} INFO - Filling up the DagBag from /opt/airflow/dags/ingest_xrs.py
[2025-08-09T15:17:50.181+0000] {processor.py:840} INFO - DAG(s) 'solar_flares_realtime' retrieved from /opt/airflow/dags/ingest_xrs.py
[2025-08-09T15:17:50.208+0000] {logging_mixin.py:188} INFO - [2025-08-09T15:17:50.207+0000] {dag.py:3096} INFO - Sync 1 DAGs
[2025-08-09T15:17:50.228+0000] {logging_mixin.py:188} INFO - [2025-08-09T15:17:50.228+0000] {dag.py:3954} INFO - Setting next_dagrun for solar_flares_realtime to 2025-08-09 15:15:00+00:00, run_after=2025-08-09 15:20:00+00:00
[2025-08-09T15:17:50.244+0000] {processor.py:183} INFO - Processing /opt/airflow/dags/ingest_xrs.py took 0.089 seconds
[2025-08-09T15:18:22.390+0000] {processor.py:161} INFO - Started process (PID=887) to work on /opt/airflow/dags/ingest_xrs.py
[2025-08-09T15:18:22.391+0000] {processor.py:830} INFO - Processing file /opt/airflow/dags/ingest_xrs.py for tasks to queue
[2025-08-09T15:18:22.393+0000] {logging_mixin.py:188} INFO - [2025-08-09T15:18:22.392+0000] {dagbag.py:545} INFO - Filling up the DagBag from /opt/airflow/dags/ingest_xrs.py
[2025-08-09T15:18:22.411+0000] {processor.py:840} INFO - DAG(s) 'solar_flares_realtime' retrieved from /opt/airflow/dags/ingest_xrs.py
[2025-08-09T15:18:22.441+0000] {logging_mixin.py:188} INFO - [2025-08-09T15:18:22.441+0000] {dag.py:3096} INFO - Sync 1 DAGs
[2025-08-09T15:18:22.462+0000] {logging_mixin.py:188} INFO - [2025-08-09T15:18:22.462+0000] {dag.py:3954} INFO - Setting next_dagrun for solar_flares_realtime to 2025-08-09 15:15:00+00:00, run_after=2025-08-09 15:20:00+00:00
[2025-08-09T15:18:22.480+0000] {processor.py:183} INFO - Processing /opt/airflow/dags/ingest_xrs.py took 0.098 seconds
[2025-08-09T15:18:55.621+0000] {processor.py:161} INFO - Started process (PID=892) to work on /opt/airflow/dags/ingest_xrs.py
[2025-08-09T15:18:55.622+0000] {processor.py:830} INFO - Processing file /opt/airflow/dags/ingest_xrs.py for tasks to queue
[2025-08-09T15:18:55.624+0000] {logging_mixin.py:188} INFO - [2025-08-09T15:18:55.624+0000] {dagbag.py:545} INFO - Filling up the DagBag from /opt/airflow/dags/ingest_xrs.py
[2025-08-09T15:18:55.640+0000] {processor.py:840} INFO - DAG(s) 'solar_flares_realtime' retrieved from /opt/airflow/dags/ingest_xrs.py
[2025-08-09T15:18:55.670+0000] {logging_mixin.py:188} INFO - [2025-08-09T15:18:55.670+0000] {dag.py:3096} INFO - Sync 1 DAGs
[2025-08-09T15:18:55.690+0000] {logging_mixin.py:188} INFO - [2025-08-09T15:18:55.690+0000] {dag.py:3954} INFO - Setting next_dagrun for solar_flares_realtime to 2025-08-09 15:15:00+00:00, run_after=2025-08-09 15:20:00+00:00
[2025-08-09T15:18:55.706+0000] {processor.py:183} INFO - Processing /opt/airflow/dags/ingest_xrs.py took 0.092 seconds
[2025-08-09T15:19:28.824+0000] {processor.py:161} INFO - Started process (PID=897) to work on /opt/airflow/dags/ingest_xrs.py
[2025-08-09T15:19:28.825+0000] {processor.py:830} INFO - Processing file /opt/airflow/dags/ingest_xrs.py for tasks to queue
[2025-08-09T15:19:28.827+0000] {logging_mixin.py:188} INFO - [2025-08-09T15:19:28.826+0000] {dagbag.py:545} INFO - Filling up the DagBag from /opt/airflow/dags/ingest_xrs.py
[2025-08-09T15:19:28.843+0000] {processor.py:840} INFO - DAG(s) 'solar_flares_realtime' retrieved from /opt/airflow/dags/ingest_xrs.py
[2025-08-09T15:19:28.871+0000] {logging_mixin.py:188} INFO - [2025-08-09T15:19:28.870+0000] {dag.py:3096} INFO - Sync 1 DAGs
[2025-08-09T15:19:28.889+0000] {logging_mixin.py:188} INFO - [2025-08-09T15:19:28.889+0000] {dag.py:3954} INFO - Setting next_dagrun for solar_flares_realtime to 2025-08-09 15:15:00+00:00, run_after=2025-08-09 15:20:00+00:00
[2025-08-09T15:19:28.906+0000] {processor.py:183} INFO - Processing /opt/airflow/dags/ingest_xrs.py took 0.089 seconds
[2025-08-09T15:20:01.936+0000] {processor.py:161} INFO - Started process (PID=902) to work on /opt/airflow/dags/ingest_xrs.py
[2025-08-09T15:20:01.937+0000] {processor.py:830} INFO - Processing file /opt/airflow/dags/ingest_xrs.py for tasks to queue
[2025-08-09T15:20:01.939+0000] {logging_mixin.py:188} INFO - [2025-08-09T15:20:01.939+0000] {dagbag.py:545} INFO - Filling up the DagBag from /opt/airflow/dags/ingest_xrs.py
[2025-08-09T15:20:01.957+0000] {processor.py:840} INFO - DAG(s) 'solar_flares_realtime' retrieved from /opt/airflow/dags/ingest_xrs.py
[2025-08-09T15:20:01.988+0000] {logging_mixin.py:188} INFO - [2025-08-09T15:20:01.988+0000] {dag.py:3096} INFO - Sync 1 DAGs
[2025-08-09T15:20:02.025+0000] {processor.py:183} INFO - Processing /opt/airflow/dags/ingest_xrs.py took 0.097 seconds
[2025-08-09T15:20:35.201+0000] {processor.py:161} INFO - Started process (PID=1026) to work on /opt/airflow/dags/ingest_xrs.py
[2025-08-09T15:20:35.202+0000] {processor.py:830} INFO - Processing file /opt/airflow/dags/ingest_xrs.py for tasks to queue
[2025-08-09T15:20:35.204+0000] {logging_mixin.py:188} INFO - [2025-08-09T15:20:35.203+0000] {dagbag.py:545} INFO - Filling up the DagBag from /opt/airflow/dags/ingest_xrs.py
[2025-08-09T15:20:35.222+0000] {processor.py:840} INFO - DAG(s) 'solar_flares_realtime' retrieved from /opt/airflow/dags/ingest_xrs.py
[2025-08-09T15:20:35.254+0000] {logging_mixin.py:188} INFO - [2025-08-09T15:20:35.253+0000] {dag.py:3096} INFO - Sync 1 DAGs
[2025-08-09T15:20:35.272+0000] {logging_mixin.py:188} INFO - [2025-08-09T15:20:35.272+0000] {dag.py:3954} INFO - Setting next_dagrun for solar_flares_realtime to 2025-08-09 15:20:00+00:00, run_after=2025-08-09 15:25:00+00:00
[2025-08-09T15:20:35.287+0000] {processor.py:183} INFO - Processing /opt/airflow/dags/ingest_xrs.py took 0.093 seconds
[2025-08-09T15:21:07.535+0000] {processor.py:161} INFO - Started process (PID=1031) to work on /opt/airflow/dags/ingest_xrs.py
[2025-08-09T15:21:07.536+0000] {processor.py:830} INFO - Processing file /opt/airflow/dags/ingest_xrs.py for tasks to queue
[2025-08-09T15:21:07.537+0000] {logging_mixin.py:188} INFO - [2025-08-09T15:21:07.537+0000] {dagbag.py:545} INFO - Filling up the DagBag from /opt/airflow/dags/ingest_xrs.py
[2025-08-09T15:21:07.551+0000] {processor.py:840} INFO - DAG(s) 'solar_flares_realtime' retrieved from /opt/airflow/dags/ingest_xrs.py
[2025-08-09T15:21:07.576+0000] {logging_mixin.py:188} INFO - [2025-08-09T15:21:07.576+0000] {dag.py:3096} INFO - Sync 1 DAGs
[2025-08-09T15:21:07.595+0000] {logging_mixin.py:188} INFO - [2025-08-09T15:21:07.595+0000] {dag.py:3954} INFO - Setting next_dagrun for solar_flares_realtime to 2025-08-09 15:20:00+00:00, run_after=2025-08-09 15:25:00+00:00
[2025-08-09T15:21:07.609+0000] {processor.py:183} INFO - Processing /opt/airflow/dags/ingest_xrs.py took 0.080 seconds
[2025-08-09T15:21:40.674+0000] {processor.py:161} INFO - Started process (PID=1036) to work on /opt/airflow/dags/ingest_xrs.py
[2025-08-09T15:21:40.675+0000] {processor.py:830} INFO - Processing file /opt/airflow/dags/ingest_xrs.py for tasks to queue
[2025-08-09T15:21:40.677+0000] {logging_mixin.py:188} INFO - [2025-08-09T15:21:40.676+0000] {dagbag.py:545} INFO - Filling up the DagBag from /opt/airflow/dags/ingest_xrs.py
[2025-08-09T15:21:40.694+0000] {processor.py:840} INFO - DAG(s) 'solar_flares_realtime' retrieved from /opt/airflow/dags/ingest_xrs.py
[2025-08-09T15:21:40.721+0000] {logging_mixin.py:188} INFO - [2025-08-09T15:21:40.721+0000] {dag.py:3096} INFO - Sync 1 DAGs
[2025-08-09T15:21:40.741+0000] {logging_mixin.py:188} INFO - [2025-08-09T15:21:40.741+0000] {dag.py:3954} INFO - Setting next_dagrun for solar_flares_realtime to 2025-08-09 15:20:00+00:00, run_after=2025-08-09 15:25:00+00:00
[2025-08-09T15:21:40.765+0000] {processor.py:183} INFO - Processing /opt/airflow/dags/ingest_xrs.py took 0.100 seconds
[2025-08-09T15:22:13.868+0000] {processor.py:161} INFO - Started process (PID=1041) to work on /opt/airflow/dags/ingest_xrs.py
[2025-08-09T15:22:13.869+0000] {processor.py:830} INFO - Processing file /opt/airflow/dags/ingest_xrs.py for tasks to queue
[2025-08-09T15:22:13.876+0000] {logging_mixin.py:188} INFO - [2025-08-09T15:22:13.871+0000] {dagbag.py:545} INFO - Filling up the DagBag from /opt/airflow/dags/ingest_xrs.py
[2025-08-09T15:22:13.900+0000] {processor.py:840} INFO - DAG(s) 'solar_flares_realtime' retrieved from /opt/airflow/dags/ingest_xrs.py
[2025-08-09T15:22:13.986+0000] {logging_mixin.py:188} INFO - [2025-08-09T15:22:13.985+0000] {dag.py:3096} INFO - Sync 1 DAGs
[2025-08-09T15:22:14.051+0000] {logging_mixin.py:188} INFO - [2025-08-09T15:22:14.051+0000] {dag.py:3954} INFO - Setting next_dagrun for solar_flares_realtime to 2025-08-09 15:20:00+00:00, run_after=2025-08-09 15:25:00+00:00
[2025-08-09T15:22:14.114+0000] {processor.py:183} INFO - Processing /opt/airflow/dags/ingest_xrs.py took 0.262 seconds
[2025-08-09T15:22:47.087+0000] {processor.py:161} INFO - Started process (PID=1046) to work on /opt/airflow/dags/ingest_xrs.py
[2025-08-09T15:22:47.088+0000] {processor.py:830} INFO - Processing file /opt/airflow/dags/ingest_xrs.py for tasks to queue
[2025-08-09T15:22:47.091+0000] {logging_mixin.py:188} INFO - [2025-08-09T15:22:47.091+0000] {dagbag.py:545} INFO - Filling up the DagBag from /opt/airflow/dags/ingest_xrs.py
[2025-08-09T15:22:47.114+0000] {processor.py:840} INFO - DAG(s) 'solar_flares_realtime' retrieved from /opt/airflow/dags/ingest_xrs.py
[2025-08-09T15:22:47.159+0000] {logging_mixin.py:188} INFO - [2025-08-09T15:22:47.159+0000] {dag.py:3096} INFO - Sync 1 DAGs
[2025-08-09T15:22:47.187+0000] {logging_mixin.py:188} INFO - [2025-08-09T15:22:47.187+0000] {dag.py:3954} INFO - Setting next_dagrun for solar_flares_realtime to 2025-08-09 15:20:00+00:00, run_after=2025-08-09 15:25:00+00:00
[2025-08-09T15:22:47.208+0000] {processor.py:183} INFO - Processing /opt/airflow/dags/ingest_xrs.py took 0.131 seconds
[2025-08-09T15:23:20.309+0000] {processor.py:161} INFO - Started process (PID=1051) to work on /opt/airflow/dags/ingest_xrs.py
[2025-08-09T15:23:20.311+0000] {processor.py:830} INFO - Processing file /opt/airflow/dags/ingest_xrs.py for tasks to queue
[2025-08-09T15:23:20.313+0000] {logging_mixin.py:188} INFO - [2025-08-09T15:23:20.313+0000] {dagbag.py:545} INFO - Filling up the DagBag from /opt/airflow/dags/ingest_xrs.py
[2025-08-09T15:23:20.330+0000] {processor.py:840} INFO - DAG(s) 'solar_flares_realtime' retrieved from /opt/airflow/dags/ingest_xrs.py
[2025-08-09T15:23:20.361+0000] {logging_mixin.py:188} INFO - [2025-08-09T15:23:20.360+0000] {dag.py:3096} INFO - Sync 1 DAGs
[2025-08-09T15:23:20.384+0000] {logging_mixin.py:188} INFO - [2025-08-09T15:23:20.383+0000] {dag.py:3954} INFO - Setting next_dagrun for solar_flares_realtime to 2025-08-09 15:20:00+00:00, run_after=2025-08-09 15:25:00+00:00
[2025-08-09T15:23:20.404+0000] {processor.py:183} INFO - Processing /opt/airflow/dags/ingest_xrs.py took 0.108 seconds
[2025-08-09T15:23:53.372+0000] {processor.py:161} INFO - Started process (PID=1056) to work on /opt/airflow/dags/ingest_xrs.py
[2025-08-09T15:23:53.373+0000] {processor.py:830} INFO - Processing file /opt/airflow/dags/ingest_xrs.py for tasks to queue
[2025-08-09T15:23:53.375+0000] {logging_mixin.py:188} INFO - [2025-08-09T15:23:53.374+0000] {dagbag.py:545} INFO - Filling up the DagBag from /opt/airflow/dags/ingest_xrs.py
[2025-08-09T15:23:53.388+0000] {processor.py:840} INFO - DAG(s) 'solar_flares_realtime' retrieved from /opt/airflow/dags/ingest_xrs.py
[2025-08-09T15:23:53.414+0000] {logging_mixin.py:188} INFO - [2025-08-09T15:23:53.414+0000] {dag.py:3096} INFO - Sync 1 DAGs
[2025-08-09T15:23:53.432+0000] {logging_mixin.py:188} INFO - [2025-08-09T15:23:53.432+0000] {dag.py:3954} INFO - Setting next_dagrun for solar_flares_realtime to 2025-08-09 15:20:00+00:00, run_after=2025-08-09 15:25:00+00:00
[2025-08-09T15:23:53.465+0000] {processor.py:183} INFO - Processing /opt/airflow/dags/ingest_xrs.py took 0.101 seconds
[2025-08-09T15:24:25.726+0000] {processor.py:161} INFO - Started process (PID=1061) to work on /opt/airflow/dags/ingest_xrs.py
[2025-08-09T15:24:25.727+0000] {processor.py:830} INFO - Processing file /opt/airflow/dags/ingest_xrs.py for tasks to queue
[2025-08-09T15:24:25.729+0000] {logging_mixin.py:188} INFO - [2025-08-09T15:24:25.728+0000] {dagbag.py:545} INFO - Filling up the DagBag from /opt/airflow/dags/ingest_xrs.py
[2025-08-09T15:24:25.745+0000] {processor.py:840} INFO - DAG(s) 'solar_flares_realtime' retrieved from /opt/airflow/dags/ingest_xrs.py
[2025-08-09T15:24:25.775+0000] {logging_mixin.py:188} INFO - [2025-08-09T15:24:25.774+0000] {dag.py:3096} INFO - Sync 1 DAGs
[2025-08-09T15:24:25.796+0000] {logging_mixin.py:188} INFO - [2025-08-09T15:24:25.796+0000] {dag.py:3954} INFO - Setting next_dagrun for solar_flares_realtime to 2025-08-09 15:20:00+00:00, run_after=2025-08-09 15:25:00+00:00
[2025-08-09T15:24:25.824+0000] {processor.py:183} INFO - Processing /opt/airflow/dags/ingest_xrs.py took 0.105 seconds
[2025-08-09T15:24:59.197+0000] {processor.py:161} INFO - Started process (PID=1066) to work on /opt/airflow/dags/ingest_xrs.py
[2025-08-09T15:24:59.198+0000] {processor.py:830} INFO - Processing file /opt/airflow/dags/ingest_xrs.py for tasks to queue
[2025-08-09T15:24:59.200+0000] {logging_mixin.py:188} INFO - [2025-08-09T15:24:59.199+0000] {dagbag.py:545} INFO - Filling up the DagBag from /opt/airflow/dags/ingest_xrs.py
[2025-08-09T15:24:59.216+0000] {processor.py:840} INFO - DAG(s) 'solar_flares_realtime' retrieved from /opt/airflow/dags/ingest_xrs.py
[2025-08-09T15:24:59.245+0000] {logging_mixin.py:188} INFO - [2025-08-09T15:24:59.244+0000] {dag.py:3096} INFO - Sync 1 DAGs
[2025-08-09T15:24:59.266+0000] {logging_mixin.py:188} INFO - [2025-08-09T15:24:59.266+0000] {dag.py:3954} INFO - Setting next_dagrun for solar_flares_realtime to 2025-08-09 15:20:00+00:00, run_after=2025-08-09 15:25:00+00:00
[2025-08-09T15:24:59.282+0000] {processor.py:183} INFO - Processing /opt/airflow/dags/ingest_xrs.py took 0.092 seconds
[2025-08-09T15:25:32.578+0000] {processor.py:161} INFO - Started process (PID=1190) to work on /opt/airflow/dags/ingest_xrs.py
[2025-08-09T15:25:32.579+0000] {processor.py:830} INFO - Processing file /opt/airflow/dags/ingest_xrs.py for tasks to queue
[2025-08-09T15:25:32.581+0000] {logging_mixin.py:188} INFO - [2025-08-09T15:25:32.580+0000] {dagbag.py:545} INFO - Filling up the DagBag from /opt/airflow/dags/ingest_xrs.py
[2025-08-09T15:25:32.595+0000] {processor.py:840} INFO - DAG(s) 'solar_flares_realtime' retrieved from /opt/airflow/dags/ingest_xrs.py
[2025-08-09T15:25:32.620+0000] {logging_mixin.py:188} INFO - [2025-08-09T15:25:32.620+0000] {dag.py:3096} INFO - Sync 1 DAGs
[2025-08-09T15:25:32.639+0000] {logging_mixin.py:188} INFO - [2025-08-09T15:25:32.638+0000] {dag.py:3954} INFO - Setting next_dagrun for solar_flares_realtime to 2025-08-09 15:25:00+00:00, run_after=2025-08-09 15:30:00+00:00
[2025-08-09T15:25:32.652+0000] {processor.py:183} INFO - Processing /opt/airflow/dags/ingest_xrs.py took 0.080 seconds
[2025-08-09T15:26:05.912+0000] {processor.py:161} INFO - Started process (PID=1195) to work on /opt/airflow/dags/ingest_xrs.py
[2025-08-09T15:26:05.913+0000] {processor.py:830} INFO - Processing file /opt/airflow/dags/ingest_xrs.py for tasks to queue
[2025-08-09T15:26:05.915+0000] {logging_mixin.py:188} INFO - [2025-08-09T15:26:05.914+0000] {dagbag.py:545} INFO - Filling up the DagBag from /opt/airflow/dags/ingest_xrs.py
[2025-08-09T15:26:05.936+0000] {processor.py:840} INFO - DAG(s) 'solar_flares_realtime' retrieved from /opt/airflow/dags/ingest_xrs.py
[2025-08-09T15:26:05.965+0000] {logging_mixin.py:188} INFO - [2025-08-09T15:26:05.964+0000] {dag.py:3096} INFO - Sync 1 DAGs
[2025-08-09T15:26:05.985+0000] {logging_mixin.py:188} INFO - [2025-08-09T15:26:05.984+0000] {dag.py:3954} INFO - Setting next_dagrun for solar_flares_realtime to 2025-08-09 15:25:00+00:00, run_after=2025-08-09 15:30:00+00:00
[2025-08-09T15:26:06.000+0000] {processor.py:183} INFO - Processing /opt/airflow/dags/ingest_xrs.py took 0.099 seconds
[2025-08-09T15:26:39.164+0000] {processor.py:161} INFO - Started process (PID=1200) to work on /opt/airflow/dags/ingest_xrs.py
[2025-08-09T15:26:39.165+0000] {processor.py:830} INFO - Processing file /opt/airflow/dags/ingest_xrs.py for tasks to queue
[2025-08-09T15:26:39.167+0000] {logging_mixin.py:188} INFO - [2025-08-09T15:26:39.167+0000] {dagbag.py:545} INFO - Filling up the DagBag from /opt/airflow/dags/ingest_xrs.py
[2025-08-09T15:26:39.184+0000] {processor.py:840} INFO - DAG(s) 'solar_flares_realtime' retrieved from /opt/airflow/dags/ingest_xrs.py
[2025-08-09T15:26:39.213+0000] {logging_mixin.py:188} INFO - [2025-08-09T15:26:39.213+0000] {dag.py:3096} INFO - Sync 1 DAGs
[2025-08-09T15:26:39.234+0000] {logging_mixin.py:188} INFO - [2025-08-09T15:26:39.234+0000] {dag.py:3954} INFO - Setting next_dagrun for solar_flares_realtime to 2025-08-09 15:25:00+00:00, run_after=2025-08-09 15:30:00+00:00
[2025-08-09T15:26:39.252+0000] {processor.py:183} INFO - Processing /opt/airflow/dags/ingest_xrs.py took 0.095 seconds
[2025-08-09T15:27:09.312+0000] {processor.py:161} INFO - Started process (PID=1205) to work on /opt/airflow/dags/ingest_xrs.py
[2025-08-09T15:27:09.313+0000] {processor.py:830} INFO - Processing file /opt/airflow/dags/ingest_xrs.py for tasks to queue
[2025-08-09T15:27:11.519+0000] {logging_mixin.py:188} INFO - [2025-08-09T15:27:11.519+0000] {dagbag.py:545} INFO - Filling up the DagBag from /opt/airflow/dags/ingest_xrs.py
[2025-08-09T15:27:11.533+0000] {processor.py:840} INFO - DAG(s) 'solar_flares_realtime' retrieved from /opt/airflow/dags/ingest_xrs.py
[2025-08-09T15:27:11.560+0000] {logging_mixin.py:188} INFO - [2025-08-09T15:27:11.560+0000] {dag.py:3096} INFO - Sync 1 DAGs
[2025-08-09T15:27:11.578+0000] {logging_mixin.py:188} INFO - [2025-08-09T15:27:11.578+0000] {dag.py:3954} INFO - Setting next_dagrun for solar_flares_realtime to 2025-08-09 15:25:00+00:00, run_after=2025-08-09 15:30:00+00:00
[2025-08-09T15:27:11.592+0000] {processor.py:183} INFO - Processing /opt/airflow/dags/ingest_xrs.py took 0.084 seconds
[2025-08-09T15:27:44.845+0000] {processor.py:161} INFO - Started process (PID=1210) to work on /opt/airflow/dags/ingest_xrs.py
[2025-08-09T15:27:44.846+0000] {processor.py:830} INFO - Processing file /opt/airflow/dags/ingest_xrs.py for tasks to queue
[2025-08-09T15:27:44.847+0000] {logging_mixin.py:188} INFO - [2025-08-09T15:27:44.847+0000] {dagbag.py:545} INFO - Filling up the DagBag from /opt/airflow/dags/ingest_xrs.py
[2025-08-09T15:27:44.864+0000] {processor.py:840} INFO - DAG(s) 'solar_flares_realtime' retrieved from /opt/airflow/dags/ingest_xrs.py
[2025-08-09T15:27:44.893+0000] {logging_mixin.py:188} INFO - [2025-08-09T15:27:44.893+0000] {dag.py:3096} INFO - Sync 1 DAGs
[2025-08-09T15:27:44.912+0000] {logging_mixin.py:188} INFO - [2025-08-09T15:27:44.911+0000] {dag.py:3954} INFO - Setting next_dagrun for solar_flares_realtime to 2025-08-09 15:25:00+00:00, run_after=2025-08-09 15:30:00+00:00
[2025-08-09T15:27:44.936+0000] {processor.py:183} INFO - Processing /opt/airflow/dags/ingest_xrs.py took 0.098 seconds
[2025-08-09T15:28:18.243+0000] {processor.py:161} INFO - Started process (PID=1215) to work on /opt/airflow/dags/ingest_xrs.py
[2025-08-09T15:28:18.244+0000] {processor.py:830} INFO - Processing file /opt/airflow/dags/ingest_xrs.py for tasks to queue
[2025-08-09T15:28:18.246+0000] {logging_mixin.py:188} INFO - [2025-08-09T15:28:18.245+0000] {dagbag.py:545} INFO - Filling up the DagBag from /opt/airflow/dags/ingest_xrs.py
[2025-08-09T15:28:18.262+0000] {processor.py:840} INFO - DAG(s) 'solar_flares_realtime' retrieved from /opt/airflow/dags/ingest_xrs.py
[2025-08-09T15:28:18.295+0000] {logging_mixin.py:188} INFO - [2025-08-09T15:28:18.294+0000] {dag.py:3096} INFO - Sync 1 DAGs
[2025-08-09T15:28:18.315+0000] {logging_mixin.py:188} INFO - [2025-08-09T15:28:18.315+0000] {dag.py:3954} INFO - Setting next_dagrun for solar_flares_realtime to 2025-08-09 15:25:00+00:00, run_after=2025-08-09 15:30:00+00:00
[2025-08-09T15:28:18.332+0000] {processor.py:183} INFO - Processing /opt/airflow/dags/ingest_xrs.py took 0.098 seconds
[2025-08-09T15:28:51.641+0000] {processor.py:161} INFO - Started process (PID=1220) to work on /opt/airflow/dags/ingest_xrs.py
[2025-08-09T15:28:51.641+0000] {processor.py:830} INFO - Processing file /opt/airflow/dags/ingest_xrs.py for tasks to queue
[2025-08-09T15:28:51.643+0000] {logging_mixin.py:188} INFO - [2025-08-09T15:28:51.642+0000] {dagbag.py:545} INFO - Filling up the DagBag from /opt/airflow/dags/ingest_xrs.py
[2025-08-09T15:28:51.655+0000] {processor.py:840} INFO - DAG(s) 'solar_flares_realtime' retrieved from /opt/airflow/dags/ingest_xrs.py
[2025-08-09T15:28:51.678+0000] {logging_mixin.py:188} INFO - [2025-08-09T15:28:51.678+0000] {dag.py:3096} INFO - Sync 1 DAGs
[2025-08-09T15:28:51.695+0000] {logging_mixin.py:188} INFO - [2025-08-09T15:28:51.695+0000] {dag.py:3954} INFO - Setting next_dagrun for solar_flares_realtime to 2025-08-09 15:25:00+00:00, run_after=2025-08-09 15:30:00+00:00
[2025-08-09T15:28:51.720+0000] {processor.py:183} INFO - Processing /opt/airflow/dags/ingest_xrs.py took 0.086 seconds
[2025-08-09T15:29:25.046+0000] {processor.py:161} INFO - Started process (PID=1225) to work on /opt/airflow/dags/ingest_xrs.py
[2025-08-09T15:29:25.047+0000] {processor.py:830} INFO - Processing file /opt/airflow/dags/ingest_xrs.py for tasks to queue
[2025-08-09T15:29:25.048+0000] {logging_mixin.py:188} INFO - [2025-08-09T15:29:25.048+0000] {dagbag.py:545} INFO - Filling up the DagBag from /opt/airflow/dags/ingest_xrs.py
[2025-08-09T15:29:25.062+0000] {processor.py:840} INFO - DAG(s) 'solar_flares_realtime' retrieved from /opt/airflow/dags/ingest_xrs.py
[2025-08-09T15:29:25.089+0000] {logging_mixin.py:188} INFO - [2025-08-09T15:29:25.088+0000] {dag.py:3096} INFO - Sync 1 DAGs
[2025-08-09T15:29:25.108+0000] {logging_mixin.py:188} INFO - [2025-08-09T15:29:25.108+0000] {dag.py:3954} INFO - Setting next_dagrun for solar_flares_realtime to 2025-08-09 15:25:00+00:00, run_after=2025-08-09 15:30:00+00:00
[2025-08-09T15:29:25.124+0000] {processor.py:183} INFO - Processing /opt/airflow/dags/ingest_xrs.py took 0.085 seconds
[2025-08-09T15:29:58.367+0000] {processor.py:161} INFO - Started process (PID=1230) to work on /opt/airflow/dags/ingest_xrs.py
[2025-08-09T15:29:58.368+0000] {processor.py:830} INFO - Processing file /opt/airflow/dags/ingest_xrs.py for tasks to queue
[2025-08-09T15:29:58.370+0000] {logging_mixin.py:188} INFO - [2025-08-09T15:29:58.369+0000] {dagbag.py:545} INFO - Filling up the DagBag from /opt/airflow/dags/ingest_xrs.py
[2025-08-09T15:29:58.383+0000] {processor.py:840} INFO - DAG(s) 'solar_flares_realtime' retrieved from /opt/airflow/dags/ingest_xrs.py
[2025-08-09T15:29:58.411+0000] {logging_mixin.py:188} INFO - [2025-08-09T15:29:58.411+0000] {dag.py:3096} INFO - Sync 1 DAGs
[2025-08-09T15:29:58.429+0000] {logging_mixin.py:188} INFO - [2025-08-09T15:29:58.429+0000] {dag.py:3954} INFO - Setting next_dagrun for solar_flares_realtime to 2025-08-09 15:25:00+00:00, run_after=2025-08-09 15:30:00+00:00
[2025-08-09T15:29:58.450+0000] {processor.py:183} INFO - Processing /opt/airflow/dags/ingest_xrs.py took 0.089 seconds
[2025-08-09T15:30:30.851+0000] {processor.py:161} INFO - Started process (PID=1354) to work on /opt/airflow/dags/ingest_xrs.py
[2025-08-09T15:30:30.852+0000] {processor.py:830} INFO - Processing file /opt/airflow/dags/ingest_xrs.py for tasks to queue
[2025-08-09T15:30:30.853+0000] {logging_mixin.py:188} INFO - [2025-08-09T15:30:30.853+0000] {dagbag.py:545} INFO - Filling up the DagBag from /opt/airflow/dags/ingest_xrs.py
[2025-08-09T15:30:30.866+0000] {processor.py:840} INFO - DAG(s) 'solar_flares_realtime' retrieved from /opt/airflow/dags/ingest_xrs.py
[2025-08-09T15:30:30.889+0000] {logging_mixin.py:188} INFO - [2025-08-09T15:30:30.889+0000] {dag.py:3096} INFO - Sync 1 DAGs
[2025-08-09T15:30:30.905+0000] {logging_mixin.py:188} INFO - [2025-08-09T15:30:30.905+0000] {dag.py:3954} INFO - Setting next_dagrun for solar_flares_realtime to 2025-08-09 15:30:00+00:00, run_after=2025-08-09 15:35:00+00:00
[2025-08-09T15:30:30.926+0000] {processor.py:183} INFO - Processing /opt/airflow/dags/ingest_xrs.py took 0.082 seconds
[2025-08-09T15:31:04.336+0000] {processor.py:161} INFO - Started process (PID=1359) to work on /opt/airflow/dags/ingest_xrs.py
[2025-08-09T15:31:04.336+0000] {processor.py:830} INFO - Processing file /opt/airflow/dags/ingest_xrs.py for tasks to queue
[2025-08-09T15:31:04.338+0000] {logging_mixin.py:188} INFO - [2025-08-09T15:31:04.337+0000] {dagbag.py:545} INFO - Filling up the DagBag from /opt/airflow/dags/ingest_xrs.py
[2025-08-09T15:31:04.355+0000] {processor.py:840} INFO - DAG(s) 'solar_flares_realtime' retrieved from /opt/airflow/dags/ingest_xrs.py
[2025-08-09T15:31:04.385+0000] {logging_mixin.py:188} INFO - [2025-08-09T15:31:04.385+0000] {dag.py:3096} INFO - Sync 1 DAGs
[2025-08-09T15:31:04.402+0000] {logging_mixin.py:188} INFO - [2025-08-09T15:31:04.402+0000] {dag.py:3954} INFO - Setting next_dagrun for solar_flares_realtime to 2025-08-09 15:30:00+00:00, run_after=2025-08-09 15:35:00+00:00
[2025-08-09T15:31:04.416+0000] {processor.py:183} INFO - Processing /opt/airflow/dags/ingest_xrs.py took 0.089 seconds
[2025-08-09T15:31:37.749+0000] {processor.py:161} INFO - Started process (PID=1364) to work on /opt/airflow/dags/ingest_xrs.py
[2025-08-09T15:31:37.750+0000] {processor.py:830} INFO - Processing file /opt/airflow/dags/ingest_xrs.py for tasks to queue
[2025-08-09T15:31:37.751+0000] {logging_mixin.py:188} INFO - [2025-08-09T15:31:37.751+0000] {dagbag.py:545} INFO - Filling up the DagBag from /opt/airflow/dags/ingest_xrs.py
[2025-08-09T15:31:37.769+0000] {processor.py:840} INFO - DAG(s) 'solar_flares_realtime' retrieved from /opt/airflow/dags/ingest_xrs.py
[2025-08-09T15:31:37.798+0000] {logging_mixin.py:188} INFO - [2025-08-09T15:31:37.797+0000] {dag.py:3096} INFO - Sync 1 DAGs
[2025-08-09T15:31:37.817+0000] {logging_mixin.py:188} INFO - [2025-08-09T15:31:37.817+0000] {dag.py:3954} INFO - Setting next_dagrun for solar_flares_realtime to 2025-08-09 15:30:00+00:00, run_after=2025-08-09 15:35:00+00:00
[2025-08-09T15:31:37.834+0000] {processor.py:183} INFO - Processing /opt/airflow/dags/ingest_xrs.py took 0.094 seconds
[2025-08-09T15:32:11.107+0000] {processor.py:161} INFO - Started process (PID=1369) to work on /opt/airflow/dags/ingest_xrs.py
[2025-08-09T15:32:11.108+0000] {processor.py:830} INFO - Processing file /opt/airflow/dags/ingest_xrs.py for tasks to queue
[2025-08-09T15:32:11.110+0000] {logging_mixin.py:188} INFO - [2025-08-09T15:32:11.110+0000] {dagbag.py:545} INFO - Filling up the DagBag from /opt/airflow/dags/ingest_xrs.py
[2025-08-09T15:32:11.126+0000] {processor.py:840} INFO - DAG(s) 'solar_flares_realtime' retrieved from /opt/airflow/dags/ingest_xrs.py
[2025-08-09T15:32:11.150+0000] {logging_mixin.py:188} INFO - [2025-08-09T15:32:11.150+0000] {dag.py:3096} INFO - Sync 1 DAGs
[2025-08-09T15:32:11.168+0000] {logging_mixin.py:188} INFO - [2025-08-09T15:32:11.168+0000] {dag.py:3954} INFO - Setting next_dagrun for solar_flares_realtime to 2025-08-09 15:30:00+00:00, run_after=2025-08-09 15:35:00+00:00
[2025-08-09T15:32:11.183+0000] {processor.py:183} INFO - Processing /opt/airflow/dags/ingest_xrs.py took 0.083 seconds
[2025-08-09T15:32:44.595+0000] {processor.py:161} INFO - Started process (PID=1374) to work on /opt/airflow/dags/ingest_xrs.py
[2025-08-09T15:32:44.596+0000] {processor.py:830} INFO - Processing file /opt/airflow/dags/ingest_xrs.py for tasks to queue
[2025-08-09T15:32:44.598+0000] {logging_mixin.py:188} INFO - [2025-08-09T15:32:44.597+0000] {dagbag.py:545} INFO - Filling up the DagBag from /opt/airflow/dags/ingest_xrs.py
[2025-08-09T15:32:44.611+0000] {processor.py:840} INFO - DAG(s) 'solar_flares_realtime' retrieved from /opt/airflow/dags/ingest_xrs.py
[2025-08-09T15:32:44.636+0000] {logging_mixin.py:188} INFO - [2025-08-09T15:32:44.636+0000] {dag.py:3096} INFO - Sync 1 DAGs
[2025-08-09T15:32:44.653+0000] {logging_mixin.py:188} INFO - [2025-08-09T15:32:44.653+0000] {dag.py:3954} INFO - Setting next_dagrun for solar_flares_realtime to 2025-08-09 15:30:00+00:00, run_after=2025-08-09 15:35:00+00:00
[2025-08-09T15:32:44.669+0000] {processor.py:183} INFO - Processing /opt/airflow/dags/ingest_xrs.py took 0.080 seconds
[2025-08-09T15:33:14.757+0000] {processor.py:161} INFO - Started process (PID=1379) to work on /opt/airflow/dags/ingest_xrs.py
[2025-08-09T15:33:14.758+0000] {processor.py:830} INFO - Processing file /opt/airflow/dags/ingest_xrs.py for tasks to queue
[2025-08-09T15:33:14.760+0000] {logging_mixin.py:188} INFO - [2025-08-09T15:33:14.759+0000] {dagbag.py:545} INFO - Filling up the DagBag from /opt/airflow/dags/ingest_xrs.py
[2025-08-09T15:33:16.979+0000] {processor.py:840} INFO - DAG(s) 'solar_flares_realtime' retrieved from /opt/airflow/dags/ingest_xrs.py
[2025-08-09T15:33:17.004+0000] {logging_mixin.py:188} INFO - [2025-08-09T15:33:17.004+0000] {dag.py:3096} INFO - Sync 1 DAGs
[2025-08-09T15:33:17.022+0000] {logging_mixin.py:188} INFO - [2025-08-09T15:33:17.022+0000] {dag.py:3954} INFO - Setting next_dagrun for solar_flares_realtime to 2025-08-09 15:30:00+00:00, run_after=2025-08-09 15:35:00+00:00
[2025-08-09T15:33:17.037+0000] {processor.py:183} INFO - Processing /opt/airflow/dags/ingest_xrs.py took 0.085 seconds
[2025-08-09T15:33:50.427+0000] {processor.py:161} INFO - Started process (PID=1384) to work on /opt/airflow/dags/ingest_xrs.py
[2025-08-09T15:33:50.428+0000] {processor.py:830} INFO - Processing file /opt/airflow/dags/ingest_xrs.py for tasks to queue
[2025-08-09T15:33:50.430+0000] {logging_mixin.py:188} INFO - [2025-08-09T15:33:50.430+0000] {dagbag.py:545} INFO - Filling up the DagBag from /opt/airflow/dags/ingest_xrs.py
[2025-08-09T15:33:50.449+0000] {processor.py:840} INFO - DAG(s) 'solar_flares_realtime' retrieved from /opt/airflow/dags/ingest_xrs.py
[2025-08-09T15:33:50.480+0000] {logging_mixin.py:188} INFO - [2025-08-09T15:33:50.480+0000] {dag.py:3096} INFO - Sync 1 DAGs
[2025-08-09T15:33:50.501+0000] {logging_mixin.py:188} INFO - [2025-08-09T15:33:50.500+0000] {dag.py:3954} INFO - Setting next_dagrun for solar_flares_realtime to 2025-08-09 15:30:00+00:00, run_after=2025-08-09 15:35:00+00:00
[2025-08-09T15:33:50.517+0000] {processor.py:183} INFO - Processing /opt/airflow/dags/ingest_xrs.py took 0.100 seconds
[2025-08-09T15:34:23.726+0000] {processor.py:161} INFO - Started process (PID=1389) to work on /opt/airflow/dags/ingest_xrs.py
[2025-08-09T15:34:23.727+0000] {processor.py:830} INFO - Processing file /opt/airflow/dags/ingest_xrs.py for tasks to queue
[2025-08-09T15:34:23.729+0000] {logging_mixin.py:188} INFO - [2025-08-09T15:34:23.729+0000] {dagbag.py:545} INFO - Filling up the DagBag from /opt/airflow/dags/ingest_xrs.py
[2025-08-09T15:34:23.745+0000] {processor.py:840} INFO - DAG(s) 'solar_flares_realtime' retrieved from /opt/airflow/dags/ingest_xrs.py
[2025-08-09T15:34:23.774+0000] {logging_mixin.py:188} INFO - [2025-08-09T15:34:23.774+0000] {dag.py:3096} INFO - Sync 1 DAGs
[2025-08-09T15:34:23.796+0000] {logging_mixin.py:188} INFO - [2025-08-09T15:34:23.796+0000] {dag.py:3954} INFO - Setting next_dagrun for solar_flares_realtime to 2025-08-09 15:30:00+00:00, run_after=2025-08-09 15:35:00+00:00
[2025-08-09T15:34:23.811+0000] {processor.py:183} INFO - Processing /opt/airflow/dags/ingest_xrs.py took 0.092 seconds
[2025-08-09T15:34:57.291+0000] {processor.py:161} INFO - Started process (PID=1394) to work on /opt/airflow/dags/ingest_xrs.py
[2025-08-09T15:34:57.292+0000] {processor.py:830} INFO - Processing file /opt/airflow/dags/ingest_xrs.py for tasks to queue
[2025-08-09T15:34:57.294+0000] {logging_mixin.py:188} INFO - [2025-08-09T15:34:57.294+0000] {dagbag.py:545} INFO - Filling up the DagBag from /opt/airflow/dags/ingest_xrs.py
[2025-08-09T15:34:57.311+0000] {processor.py:840} INFO - DAG(s) 'solar_flares_realtime' retrieved from /opt/airflow/dags/ingest_xrs.py
[2025-08-09T15:34:57.338+0000] {logging_mixin.py:188} INFO - [2025-08-09T15:34:57.338+0000] {dag.py:3096} INFO - Sync 1 DAGs
[2025-08-09T15:34:57.355+0000] {logging_mixin.py:188} INFO - [2025-08-09T15:34:57.354+0000] {dag.py:3954} INFO - Setting next_dagrun for solar_flares_realtime to 2025-08-09 15:30:00+00:00, run_after=2025-08-09 15:35:00+00:00
[2025-08-09T15:34:57.370+0000] {processor.py:183} INFO - Processing /opt/airflow/dags/ingest_xrs.py took 0.085 seconds
[2025-08-09T15:35:30.768+0000] {processor.py:161} INFO - Started process (PID=1399) to work on /opt/airflow/dags/ingest_xrs.py
[2025-08-09T15:35:30.768+0000] {processor.py:830} INFO - Processing file /opt/airflow/dags/ingest_xrs.py for tasks to queue
[2025-08-09T15:35:30.770+0000] {logging_mixin.py:188} INFO - [2025-08-09T15:35:30.770+0000] {dagbag.py:545} INFO - Filling up the DagBag from /opt/airflow/dags/ingest_xrs.py
[2025-08-09T15:35:30.784+0000] {processor.py:840} INFO - DAG(s) 'solar_flares_realtime' retrieved from /opt/airflow/dags/ingest_xrs.py
[2025-08-09T15:35:30.814+0000] {logging_mixin.py:188} INFO - [2025-08-09T15:35:30.813+0000] {dag.py:3096} INFO - Sync 1 DAGs
[2025-08-09T15:35:30.831+0000] {logging_mixin.py:188} INFO - [2025-08-09T15:35:30.831+0000] {dag.py:3954} INFO - Setting next_dagrun for solar_flares_realtime to 2025-08-09 15:30:00+00:00, run_after=2025-08-09 15:35:00+00:00
[2025-08-09T15:35:30.845+0000] {processor.py:183} INFO - Processing /opt/airflow/dags/ingest_xrs.py took 0.084 seconds
[2025-08-09T15:36:04.278+0000] {processor.py:161} INFO - Started process (PID=1404) to work on /opt/airflow/dags/ingest_xrs.py
[2025-08-09T15:36:04.278+0000] {processor.py:830} INFO - Processing file /opt/airflow/dags/ingest_xrs.py for tasks to queue
[2025-08-09T15:36:04.280+0000] {logging_mixin.py:188} INFO - [2025-08-09T15:36:04.280+0000] {dagbag.py:545} INFO - Filling up the DagBag from /opt/airflow/dags/ingest_xrs.py
[2025-08-09T15:36:04.297+0000] {processor.py:840} INFO - DAG(s) 'solar_flares_realtime' retrieved from /opt/airflow/dags/ingest_xrs.py
[2025-08-09T15:36:04.326+0000] {logging_mixin.py:188} INFO - [2025-08-09T15:36:04.325+0000] {dag.py:3096} INFO - Sync 1 DAGs
[2025-08-09T15:36:04.343+0000] {logging_mixin.py:188} INFO - [2025-08-09T15:36:04.343+0000] {dag.py:3954} INFO - Setting next_dagrun for solar_flares_realtime to 2025-08-09 15:30:00+00:00, run_after=2025-08-09 15:35:00+00:00
[2025-08-09T15:36:04.359+0000] {processor.py:183} INFO - Processing /opt/airflow/dags/ingest_xrs.py took 0.088 seconds
[2025-08-09T15:36:36.584+0000] {processor.py:161} INFO - Started process (PID=1409) to work on /opt/airflow/dags/ingest_xrs.py
[2025-08-09T15:36:36.585+0000] {processor.py:830} INFO - Processing file /opt/airflow/dags/ingest_xrs.py for tasks to queue
[2025-08-09T15:36:36.587+0000] {logging_mixin.py:188} INFO - [2025-08-09T15:36:36.587+0000] {dagbag.py:545} INFO - Filling up the DagBag from /opt/airflow/dags/ingest_xrs.py
[2025-08-09T15:36:36.601+0000] {processor.py:840} INFO - DAG(s) 'solar_flares_realtime' retrieved from /opt/airflow/dags/ingest_xrs.py
[2025-08-09T15:36:36.626+0000] {logging_mixin.py:188} INFO - [2025-08-09T15:36:36.626+0000] {dag.py:3096} INFO - Sync 1 DAGs
[2025-08-09T15:36:36.644+0000] {logging_mixin.py:188} INFO - [2025-08-09T15:36:36.644+0000] {dag.py:3954} INFO - Setting next_dagrun for solar_flares_realtime to 2025-08-09 15:30:00+00:00, run_after=2025-08-09 15:35:00+00:00
[2025-08-09T15:36:36.666+0000] {processor.py:183} INFO - Processing /opt/airflow/dags/ingest_xrs.py took 0.089 seconds
[2025-08-09T15:37:10.167+0000] {processor.py:161} INFO - Started process (PID=1414) to work on /opt/airflow/dags/ingest_xrs.py
[2025-08-09T15:37:10.168+0000] {processor.py:830} INFO - Processing file /opt/airflow/dags/ingest_xrs.py for tasks to queue
[2025-08-09T15:37:10.170+0000] {logging_mixin.py:188} INFO - [2025-08-09T15:37:10.169+0000] {dagbag.py:545} INFO - Filling up the DagBag from /opt/airflow/dags/ingest_xrs.py
[2025-08-09T15:37:10.187+0000] {processor.py:840} INFO - DAG(s) 'solar_flares_realtime' retrieved from /opt/airflow/dags/ingest_xrs.py
[2025-08-09T15:37:10.217+0000] {logging_mixin.py:188} INFO - [2025-08-09T15:37:10.217+0000] {dag.py:3096} INFO - Sync 1 DAGs
[2025-08-09T15:37:10.238+0000] {logging_mixin.py:188} INFO - [2025-08-09T15:37:10.238+0000] {dag.py:3954} INFO - Setting next_dagrun for solar_flares_realtime to 2025-08-09 15:30:00+00:00, run_after=2025-08-09 15:35:00+00:00
[2025-08-09T15:37:10.267+0000] {processor.py:183} INFO - Processing /opt/airflow/dags/ingest_xrs.py took 0.109 seconds
[2025-08-09T15:37:43.627+0000] {processor.py:161} INFO - Started process (PID=1419) to work on /opt/airflow/dags/ingest_xrs.py
[2025-08-09T15:37:43.628+0000] {processor.py:830} INFO - Processing file /opt/airflow/dags/ingest_xrs.py for tasks to queue
[2025-08-09T15:37:43.631+0000] {logging_mixin.py:188} INFO - [2025-08-09T15:37:43.630+0000] {dagbag.py:545} INFO - Filling up the DagBag from /opt/airflow/dags/ingest_xrs.py
[2025-08-09T15:37:43.647+0000] {processor.py:840} INFO - DAG(s) 'solar_flares_realtime' retrieved from /opt/airflow/dags/ingest_xrs.py
[2025-08-09T15:37:43.679+0000] {logging_mixin.py:188} INFO - [2025-08-09T15:37:43.679+0000] {dag.py:3096} INFO - Sync 1 DAGs
[2025-08-09T15:37:43.702+0000] {logging_mixin.py:188} INFO - [2025-08-09T15:37:43.701+0000] {dag.py:3954} INFO - Setting next_dagrun for solar_flares_realtime to 2025-08-09 15:30:00+00:00, run_after=2025-08-09 15:35:00+00:00
[2025-08-09T15:37:43.719+0000] {processor.py:183} INFO - Processing /opt/airflow/dags/ingest_xrs.py took 0.100 seconds
[2025-08-09T15:38:17.138+0000] {processor.py:161} INFO - Started process (PID=1424) to work on /opt/airflow/dags/ingest_xrs.py
[2025-08-09T15:38:17.139+0000] {processor.py:830} INFO - Processing file /opt/airflow/dags/ingest_xrs.py for tasks to queue
[2025-08-09T15:38:17.141+0000] {logging_mixin.py:188} INFO - [2025-08-09T15:38:17.141+0000] {dagbag.py:545} INFO - Filling up the DagBag from /opt/airflow/dags/ingest_xrs.py
[2025-08-09T15:38:17.158+0000] {processor.py:840} INFO - DAG(s) 'solar_flares_realtime' retrieved from /opt/airflow/dags/ingest_xrs.py
[2025-08-09T15:38:17.184+0000] {logging_mixin.py:188} INFO - [2025-08-09T15:38:17.184+0000] {dag.py:3096} INFO - Sync 1 DAGs
[2025-08-09T15:38:17.203+0000] {logging_mixin.py:188} INFO - [2025-08-09T15:38:17.203+0000] {dag.py:3954} INFO - Setting next_dagrun for solar_flares_realtime to 2025-08-09 15:30:00+00:00, run_after=2025-08-09 15:35:00+00:00
[2025-08-09T15:38:17.228+0000] {processor.py:183} INFO - Processing /opt/airflow/dags/ingest_xrs.py took 0.097 seconds
[2025-08-09T15:38:50.465+0000] {processor.py:161} INFO - Started process (PID=1429) to work on /opt/airflow/dags/ingest_xrs.py
[2025-08-09T15:38:50.466+0000] {processor.py:830} INFO - Processing file /opt/airflow/dags/ingest_xrs.py for tasks to queue
[2025-08-09T15:38:50.468+0000] {logging_mixin.py:188} INFO - [2025-08-09T15:38:50.468+0000] {dagbag.py:545} INFO - Filling up the DagBag from /opt/airflow/dags/ingest_xrs.py
[2025-08-09T15:38:50.484+0000] {processor.py:840} INFO - DAG(s) 'solar_flares_realtime' retrieved from /opt/airflow/dags/ingest_xrs.py
[2025-08-09T15:38:50.520+0000] {logging_mixin.py:188} INFO - [2025-08-09T15:38:50.520+0000] {dag.py:3096} INFO - Sync 1 DAGs
[2025-08-09T15:38:50.542+0000] {logging_mixin.py:188} INFO - [2025-08-09T15:38:50.541+0000] {dag.py:3954} INFO - Setting next_dagrun for solar_flares_realtime to 2025-08-09 15:30:00+00:00, run_after=2025-08-09 15:35:00+00:00
[2025-08-09T15:38:50.560+0000] {processor.py:183} INFO - Processing /opt/airflow/dags/ingest_xrs.py took 0.102 seconds
[2025-08-09T15:39:23.024+0000] {processor.py:161} INFO - Started process (PID=1434) to work on /opt/airflow/dags/ingest_xrs.py
[2025-08-09T15:39:23.025+0000] {processor.py:830} INFO - Processing file /opt/airflow/dags/ingest_xrs.py for tasks to queue
[2025-08-09T15:39:23.026+0000] {logging_mixin.py:188} INFO - [2025-08-09T15:39:23.026+0000] {dagbag.py:545} INFO - Filling up the DagBag from /opt/airflow/dags/ingest_xrs.py
[2025-08-09T15:39:23.039+0000] {processor.py:840} INFO - DAG(s) 'solar_flares_realtime' retrieved from /opt/airflow/dags/ingest_xrs.py
[2025-08-09T15:39:23.065+0000] {logging_mixin.py:188} INFO - [2025-08-09T15:39:23.065+0000] {dag.py:3096} INFO - Sync 1 DAGs
[2025-08-09T15:39:23.083+0000] {logging_mixin.py:188} INFO - [2025-08-09T15:39:23.083+0000] {dag.py:3954} INFO - Setting next_dagrun for solar_flares_realtime to 2025-08-09 15:30:00+00:00, run_after=2025-08-09 15:35:00+00:00
[2025-08-09T15:39:23.101+0000] {processor.py:183} INFO - Processing /opt/airflow/dags/ingest_xrs.py took 0.083 seconds
[2025-08-09T15:39:54.293+0000] {processor.py:161} INFO - Started process (PID=1439) to work on /opt/airflow/dags/ingest_xrs.py
[2025-08-09T15:39:54.294+0000] {processor.py:830} INFO - Processing file /opt/airflow/dags/ingest_xrs.py for tasks to queue
[2025-08-09T15:39:54.296+0000] {logging_mixin.py:188} INFO - [2025-08-09T15:39:54.296+0000] {dagbag.py:545} INFO - Filling up the DagBag from /opt/airflow/dags/ingest_xrs.py
[2025-08-09T15:39:54.312+0000] {processor.py:840} INFO - DAG(s) 'solar_flares_realtime' retrieved from /opt/airflow/dags/ingest_xrs.py
[2025-08-09T15:39:54.340+0000] {logging_mixin.py:188} INFO - [2025-08-09T15:39:54.339+0000] {dag.py:3096} INFO - Sync 1 DAGs
[2025-08-09T15:39:54.358+0000] {logging_mixin.py:188} INFO - [2025-08-09T15:39:54.358+0000] {dag.py:3954} INFO - Setting next_dagrun for solar_flares_realtime to 2025-08-09 15:30:00+00:00, run_after=2025-08-09 15:35:00+00:00
[2025-08-09T15:39:54.374+0000] {processor.py:183} INFO - Processing /opt/airflow/dags/ingest_xrs.py took 0.089 seconds
[2025-08-09T15:40:25.281+0000] {processor.py:161} INFO - Started process (PID=1444) to work on /opt/airflow/dags/ingest_xrs.py
[2025-08-09T15:40:25.282+0000] {processor.py:830} INFO - Processing file /opt/airflow/dags/ingest_xrs.py for tasks to queue
[2025-08-09T15:40:25.284+0000] {logging_mixin.py:188} INFO - [2025-08-09T15:40:25.284+0000] {dagbag.py:545} INFO - Filling up the DagBag from /opt/airflow/dags/ingest_xrs.py
[2025-08-09T15:40:25.299+0000] {processor.py:840} INFO - DAG(s) 'solar_flares_realtime' retrieved from /opt/airflow/dags/ingest_xrs.py
[2025-08-09T15:40:25.331+0000] {logging_mixin.py:188} INFO - [2025-08-09T15:40:25.331+0000] {dag.py:3096} INFO - Sync 1 DAGs
[2025-08-09T15:40:25.350+0000] {logging_mixin.py:188} INFO - [2025-08-09T15:40:25.350+0000] {dag.py:3954} INFO - Setting next_dagrun for solar_flares_realtime to 2025-08-09 15:35:00+00:00, run_after=2025-08-09 15:40:00+00:00
[2025-08-09T15:40:25.376+0000] {processor.py:183} INFO - Processing /opt/airflow/dags/ingest_xrs.py took 0.101 seconds
