[2025-08-10T12:00:00.630+0000] {local_task_job_runner.py:120} INFO - ::group::Pre task execution logs
[2025-08-10T12:00:00.702+0000] {taskinstance.py:2076} INFO - Dependencies all met for dep_context=non-requeueable deps ti=<TaskInstance: xrs_update_12h.backfill_ncei_j2 scheduled__2025-08-10T00:00:00+00:00 [queued]>
[2025-08-10T12:00:00.710+0000] {taskinstance.py:2076} INFO - Dependencies all met for dep_context=requeueable deps ti=<TaskInstance: xrs_update_12h.backfill_ncei_j2 scheduled__2025-08-10T00:00:00+00:00 [queued]>
[2025-08-10T12:00:00.711+0000] {taskinstance.py:2306} INFO - Starting attempt 1 of 3
[2025-08-10T12:00:00.726+0000] {taskinstance.py:2330} INFO - Executing <Task(BashOperator): backfill_ncei_j2> on 2025-08-10 00:00:00+00:00
[2025-08-10T12:00:00.735+0000] {standard_task_runner.py:90} INFO - Running: ['***', 'tasks', 'run', 'xrs_update_12h', 'backfill_ncei_j2', 'scheduled__2025-08-10T00:00:00+00:00', '--job-id', '86', '--raw', '--subdir', 'DAGS_FOLDER/xrs_update_daily.py', '--cfg-path', '/tmp/tmp9sq5hakv']
[2025-08-10T12:00:00.737+0000] {standard_task_runner.py:91} INFO - Job 86: Subtask backfill_ncei_j2
[2025-08-10T12:00:00.737+0000] {logging_mixin.py:188} WARNING - /home/***/.local/lib/python3.12/site-packages/***/task/task_runner/standard_task_runner.py:61 DeprecationWarning: This process (pid=5398) is multi-threaded, use of fork() may lead to deadlocks in the child.
[2025-08-10T12:00:00.738+0000] {standard_task_runner.py:63} INFO - Started process 5399 to run task
[2025-08-10T12:00:00.792+0000] {task_command.py:426} INFO - Running <TaskInstance: xrs_update_12h.backfill_ncei_j2 scheduled__2025-08-10T00:00:00+00:00 [running]> on host cc677a4d03cd
[2025-08-10T12:00:00.906+0000] {taskinstance.py:2648} INFO - Exporting env vars: AIRFLOW_CTX_DAG_OWNER='you' AIRFLOW_CTX_DAG_ID='xrs_update_12h' AIRFLOW_CTX_TASK_ID='backfill_ncei_j2' AIRFLOW_CTX_EXECUTION_DATE='2025-08-10T00:00:00+00:00' AIRFLOW_CTX_TRY_NUMBER='1' AIRFLOW_CTX_DAG_RUN_ID='scheduled__2025-08-10T00:00:00+00:00'
[2025-08-10T12:00:00.907+0000] {taskinstance.py:430} INFO - ::endgroup::
[2025-08-10T12:00:00.930+0000] {subprocess.py:63} INFO - Tmp dir root location: /tmp
[2025-08-10T12:00:00.933+0000] {subprocess.py:75} INFO - Running command: ['/usr/bin/bash', '-c', 'python /opt/project/src/data/xrs_update.py --mode backfill --start 2025-08-08 --end 2025-08-08']
[2025-08-10T12:00:00.946+0000] {subprocess.py:86} INFO - Output:
[2025-08-10T12:00:03.377+0000] {subprocess.py:93} INFO - WARNING: SunpyUserWarning: Importing sunpy.timeseries without its extra dependencies may result in errors.
[2025-08-10T12:00:03.378+0000] {subprocess.py:93} INFO - The following packages are not installed:
[2025-08-10T12:00:03.378+0000] {subprocess.py:93} INFO - ['cdflib>=1.3.2', 'h5netcdf>=1.2.0', 'h5py>=3.9.0', 'matplotlib>=3.8.0']
[2025-08-10T12:00:03.378+0000] {subprocess.py:93} INFO - To install sunpy with these dependencies use `pip install sunpy[timeseries]` or `pip install sunpy[all]` for all extras.
[2025-08-10T12:00:03.379+0000] {subprocess.py:93} INFO - If you installed sunpy via conda, please report this to the community channel: https://matrix.to/#/#sunpy:openastronomy.org [sunpy.util.sysinfo]
[2025-08-10T12:00:07.016+0000] {subprocess.py:93} INFO - [WARN] Aucun fichier pour 2025-08-08 (NCEI listing vide et fallback SunPy sans résultat)
[2025-08-10T12:00:07.017+0000] {subprocess.py:93} INFO - [DONE] backfill complete -> rows=0
[2025-08-10T12:00:07.282+0000] {subprocess.py:97} INFO - Command exited with return code 0
[2025-08-10T12:00:07.285+0000] {taskinstance.py:441} INFO - ::group::Post task execution logs
[2025-08-10T12:00:07.314+0000] {taskinstance.py:1206} INFO - Marking task as SUCCESS. dag_id=xrs_update_12h, task_id=backfill_ncei_j2, run_id=scheduled__2025-08-10T00:00:00+00:00, execution_date=20250810T000000, start_date=20250810T120000, end_date=20250810T120007
[2025-08-10T12:00:07.353+0000] {local_task_job_runner.py:240} INFO - Task exited with return code 0
[2025-08-10T12:00:07.378+0000] {taskinstance.py:3503} INFO - 1 downstream tasks scheduled from follow-on schedule check
[2025-08-10T12:00:07.381+0000] {local_task_job_runner.py:222} INFO - ::endgroup::
